#
# There is insufficient memory for the Java Runtime Environment to continue.
# Native memory allocation (malloc) failed to allocate 143376 bytes for Chunk::new
# Possible reasons:
#   The system is out of physical RAM or swap space
#   The process is running with CompressedOops enabled, and the Java Heap may be blocking the growth of the native heap
# Possible solutions:
#   Reduce memory load on the system
#   Increase physical memory or swap space
#   Check if swap backing store is full
#   Decrease Java heap size (-Xmx/-Xms)
#   Decrease number of Java threads
#   Decrease Java thread stack sizes (-Xss)
#   Set larger code cache with -XX:ReservedCodeCacheSize=
#   JVM is running with Unscaled Compressed Oops mode in which the Java heap is
#     placed in the first 4GB address space. The Java Heap base address is the
#     maximum limit for the native heap growth. Please use -XX:HeapBaseMinAddress
#     to set the Java Heap base and to place the Java Heap above 4GB virtual address.
# This output file may be truncated or incomplete.
#
#  Out of Memory Error (t:/workspace/hotspot/src/share/vm/memory/allocation.cpp:372), pid=29988, tid=7440
#
# JRE version: Java(TM) SE Runtime Environment (9.0+11) (build 9.0.4+11)
# Java VM: Java HotSpot(TM) 64-Bit Server VM (9.0.4+11, mixed mode, tiered, compressed oops, g1 gc, windows-amd64)
# No core dump will be written. Minidumps are not enabled by default on client versions of Windows
#

---------------  S U M M A R Y ------------

Command Line: c:\ProgramData\robocorp\ht\b30d6a5_b1f3c24_59f207d3\lib\site-packages\SikuliLibrary\lib\SikuliLibrary.jar 51983 C:\JobcardOpeningIntegrated

Host: Intel(R) Core(TM) i3-8100 CPU @ 3.60GHz, 4 cores, 7G,  Windows 10 , 64 bit Build 22621 (10.0.22621.5413)
Time: Fri May 30 16:09:56 2025 India Standard Time elapsed time: 0 seconds (0d 0h 0m 0s)

---------------  T H R E A D  ---------------

Current thread (0x000001ea02906800):  JavaThread "C2 CompilerThread1" daemon [_thread_in_native, id=7440, stack(0x0000002918b00000,0x0000002918c00000)]


Current CompileTask:
C2:    372  797       4       java.util.HashMap::putVal (300 bytes)

Stack: [0x0000002918b00000,0x0000002918c00000]
Native frames: (J=compiled Java code, j=interpreted, Vv=VM code, C=native code)
V  [jvm.dll+0x587068]
V  [jvm.dll+0x69c25e]
V  [jvm.dll+0x69d17a]
V  [jvm.dll+0x69d7b3]
V  [jvm.dll+0x21d198]
V  [jvm.dll+0xa7aac]
V  [jvm.dll+0xa83ec]
V  [jvm.dll+0x320ef5]
V  [jvm.dll+0x2e7aaa]
V  [jvm.dll+0x2e703a]
V  [jvm.dll+0x1e9ae1]
V  [jvm.dll+0x1e8d86]
V  [jvm.dll+0x1691cb]
V  [jvm.dll+0x1f6570]
V  [jvm.dll+0x1f51f6]
V  [jvm.dll+0x66b44f]
V  [jvm.dll+0x586490]
C  [msvcr120.dll+0x24f7f]
C  [msvcr120.dll+0x25126]
C  [KERNEL32.DLL+0x1259d]
C  [ntdll.dll+0x5af78]


---------------  P R O C E S S  ---------------

Java Threads: ( => current thread )
  0x000001ea02bf9000 JavaThread "Service Thread" daemon [_thread_blocked, id=35640, stack(0x0000002918f00000,0x0000002919000000)]
  0x000001ea02b18800 JavaThread "Common-Cleaner" daemon [_thread_blocked, id=35368, stack(0x0000002918e00000,0x0000002918f00000)]
  0x000001ea0290c000 JavaThread "Sweeper thread" daemon [_thread_blocked, id=36168, stack(0x0000002918d00000,0x0000002918e00000)]
  0x000001ea02908000 JavaThread "C1 CompilerThread2" daemon [_thread_in_native, id=13576, stack(0x0000002918c00000,0x0000002918d00000)]
=>0x000001ea02906800 JavaThread "C2 CompilerThread1" daemon [_thread_in_native, id=7440, stack(0x0000002918b00000,0x0000002918c00000)]
  0x000001ea02901800 JavaThread "C2 CompilerThread0" daemon [_thread_blocked, id=35596, stack(0x0000002918a00000,0x0000002918b00000)]
  0x000001ea028fc800 JavaThread "Attach Listener" daemon [_thread_blocked, id=33272, stack(0x0000002918900000,0x0000002918a00000)]
  0x000001ea028fb800 JavaThread "Signal Dispatcher" daemon [_thread_blocked, id=25540, stack(0x0000002918800000,0x0000002918900000)]
  0x000001ea028b4800 JavaThread "Finalizer" daemon [_thread_blocked, id=32336, stack(0x0000002918700000,0x0000002918800000)]
  0x000001ea028b2000 JavaThread "Reference Handler" daemon [_thread_blocked, id=25720, stack(0x0000002918600000,0x0000002918700000)]
  0x000001ea63061800 JavaThread "main" [_thread_in_vm, id=25240, stack(0x0000002917900000,0x0000002917a00000)]

Other Threads:
  0x000001ea028af800 VMThread "VM Thread" [stack: 0x0000002918500000,0x0000002918600000] [id=33484]
  0x000001ea02c1d800 WatcherThread [stack: 0x0000002919000000,0x0000002919100000] [id=10060]
  0x000001ea6307b800 GCTaskThread "GC Thread#0" [stack: 0x0000002917a00000,0x0000002917b00000] [id=36316]
  0x000001ea6307f000 GCTaskThread "GC Thread#1" [stack: 0x0000002917b00000,0x0000002917c00000] [id=34300]
  0x000001ea63080800 GCTaskThread "GC Thread#2" [stack: 0x0000002917c00000,0x0000002917d00000] [id=35584]
  0x000001ea63083800 GCTaskThread "GC Thread#3" [stack: 0x0000002917d00000,0x0000002917e00000] [id=26772]
  0x000001ea630f9800 ConcurrentGCThread "G1 Main Marker" [stack: 0x0000002918300000,0x0000002918400000] [id=31404]
  0x000001ea630fa000 ConcurrentGCThread "G1 Marker#0" [stack: 0x0000002918400000,0x0000002918500000] [id=36732]
  0x000001ea63093000 ConcurrentGCThread "G1 Refine#0" [stack: 0x0000002918100000,0x0000002918200000] [id=16952]
  0x000001ea6308d000 ConcurrentGCThread "G1 Refine#1" [stack: 0x0000002918000000,0x0000002918100000] [id=33072]
  0x000001ea6308c800 ConcurrentGCThread "G1 Refine#2" [stack: 0x0000002917f00000,0x0000002918000000] [id=27672]
  0x000001ea63085800 ConcurrentGCThread "G1 Refine#3" [stack: 0x0000002917e00000,0x0000002917f00000] [id=29428]
  0x000001ea63094000 ConcurrentGCThread "G1 Young RemSet Sampling" [stack: 0x0000002918200000,0x0000002918300000] [id=31652]

Threads with active compile tasks:
C1 CompilerThread2 831       3       jdk.internal.org.objectweb.asm.Frame::execute (2252 bytes)
C2 CompilerThread1 797       4       java.util.HashMap::putVal (300 bytes)

VM state:not at safepoint (normal execution)

VM Mutex/Monitor currently owned by a thread: None

Heap address: 0x0000000082c00000, size: 2004 MB, Compressed Oops mode: 32-bit
Narrow klass base: 0x0000000000000000, Narrow klass shift: 3
Compressed class space size: 1073741824 Address: 0x0000000100000000

Heap:
 garbage-first heap   total 129024K, used 17408K [0x0000000082c00000, 0x0000000082d003f0, 0x0000000100000000)
  region size 1024K, 14 young (14336K), 0 survivors (0K)
 Metaspace       used 11503K, capacity 11869K, committed 12032K, reserved 1062912K
  class space    used 1323K, capacity 1425K, committed 1536K, reserved 1048576K
Heap Regions: E=young(eden), S=young(survivor), O=old, HS=humongous(starts), HC=humongous(continues), CS=collection set, F=free, A=archive, TS=gc time stamp, AC=allocation context, TAMS=top-at-mark-start (previous, next)
|   0|0x0000000082c00000, 0x0000000082d00000, 0x0000000082d00000|100%|HS|  |TS  0|AC  0|TAMS 0x0000000082c00000, 0x0000000082c00000|
|   1|0x0000000082d00000, 0x0000000082e00000, 0x0000000082e00000|100%|HC|  |TS  0|AC  0|TAMS 0x0000000082d00000, 0x0000000082d00000|
|   2|0x0000000082e00000, 0x0000000082f00000, 0x0000000082f00000|100%|HS|  |TS  0|AC  0|TAMS 0x0000000082e00000, 0x0000000082e00000|
|   3|0x0000000082f00000, 0x0000000083000000, 0x0000000083000000|100%|HC|  |TS  0|AC  0|TAMS 0x0000000082f00000, 0x0000000082f00000|
|   4|0x0000000083000000, 0x0000000083000000, 0x0000000083100000|  0%| F|  |TS  0|AC  0|TAMS 0x0000000083000000, 0x0000000083000000|
|   5|0x0000000083100000, 0x0000000083100000, 0x0000000083200000|  0%| F|  |TS  0|AC  0|TAMS 0x0000000083100000, 0x0000000083100000|
|   6|0x0000000083200000, 0x0000000083200000, 0x0000000083300000|  0%| F|  |TS  0|AC  0|TAMS 0x0000000083200000, 0x0000000083200000|
|   7|0x0000000083300000, 0x0000000083300000, 0x0000000083400000|  0%| F|  |TS  0|AC  0|TAMS 0x0000000083300000, 0x0000000083300000|
|   8|0x0000000083400000, 0x0000000083400000, 0x0000000083500000|  0%| F|  |TS  0|AC  0|TAMS 0x0000000083400000, 0x0000000083400000|
|   9|0x0000000083500000, 0x0000000083500000, 0x0000000083600000|  0%| F|  |TS  0|AC  0|TAMS 0x0000000083500000, 0x0000000083500000|
|  10|0x0000000083600000, 0x0000000083600000, 0x0000000083700000|  0%| F|  |TS  0|AC  0|TAMS 0x0000000083600000, 0x0000000083600000|
|  11|0x0000000083700000, 0x0000000083700000, 0x0000000083800000|  0%| F|  |TS  0|AC  0|TAMS 0x0000000083700000, 0x0000000083700000|
|  12|0x0000000083800000, 0x0000000083800000, 0x0000000083900000|  0%| F|  |TS  0|AC  0|TAMS 0x0000000083800000, 0x0000000083800000|
|  13|0x0000000083900000, 0x0000000083900000, 0x0000000083a00000|  0%| F|  |TS  0|AC  0|TAMS 0x0000000083900000, 0x0000000083900000|
|  14|0x0000000083a00000, 0x0000000083a00000, 0x0000000083b00000|  0%| F|  |TS  0|AC  0|TAMS 0x0000000083a00000, 0x0000000083a00000|
|  15|0x0000000083b00000, 0x0000000083b00000, 0x0000000083c00000|  0%| F|  |TS  0|AC  0|TAMS 0x0000000083b00000, 0x0000000083b00000|
|  16|0x0000000083c00000, 0x0000000083c00000, 0x0000000083d00000|  0%| F|  |TS  0|AC  0|TAMS 0x0000000083c00000, 0x0000000083c00000|
|  17|0x0000000083d00000, 0x0000000083d00000, 0x0000000083e00000|  0%| F|  |TS  0|AC  0|TAMS 0x0000000083d00000, 0x0000000083d00000|
|  18|0x0000000083e00000, 0x0000000083e00000, 0x0000000083f00000|  0%| F|  |TS  0|AC  0|TAMS 0x0000000083e00000, 0x0000000083e00000|
|  19|0x0000000083f00000, 0x0000000083f00000, 0x0000000084000000|  0%| F|  |TS  0|AC  0|TAMS 0x0000000083f00000, 0x0000000083f00000|
|  20|0x0000000084000000, 0x0000000084000000, 0x0000000084100000|  0%| F|  |TS  0|AC  0|TAMS 0x0000000084000000, 0x0000000084000000|
|  21|0x0000000084100000, 0x0000000084100000, 0x0000000084200000|  0%| F|  |TS  0|AC  0|TAMS 0x0000000084100000, 0x0000000084100000|
|  22|0x0000000084200000, 0x0000000084200000, 0x0000000084300000|  0%| F|  |TS  0|AC  0|TAMS 0x0000000084200000, 0x0000000084200000|
|  23|0x0000000084300000, 0x0000000084300000, 0x0000000084400000|  0%| F|  |TS  0|AC  0|TAMS 0x0000000084300000, 0x0000000084300000|
|  24|0x0000000084400000, 0x0000000084400000, 0x0000000084500000|  0%| F|  |TS  0|AC  0|TAMS 0x0000000084400000, 0x0000000084400000|
|  25|0x0000000084500000, 0x0000000084500000, 0x0000000084600000|  0%| F|  |TS  0|AC  0|TAMS 0x0000000084500000, 0x0000000084500000|
|  26|0x0000000084600000, 0x0000000084600000, 0x0000000084700000|  0%| F|  |TS  0|AC  0|TAMS 0x0000000084600000, 0x0000000084600000|
|  27|0x0000000084700000, 0x0000000084700000, 0x0000000084800000|  0%| F|  |TS  0|AC  0|TAMS 0x0000000084700000, 0x0000000084700000|
|  28|0x0000000084800000, 0x0000000084800000, 0x0000000084900000|  0%| F|  |TS  0|AC  0|TAMS 0x0000000084800000, 0x0000000084800000|
|  29|0x0000000084900000, 0x0000000084900000, 0x0000000084a00000|  0%| F|  |TS  0|AC  0|TAMS 0x0000000084900000, 0x0000000084900000|
|  30|0x0000000084a00000, 0x0000000084a00000, 0x0000000084b00000|  0%| F|  |TS  0|AC  0|TAMS 0x0000000084a00000, 0x0000000084a00000|
|  31|0x0000000084b00000, 0x0000000084b00000, 0x0000000084c00000|  0%| F|  |TS  0|AC  0|TAMS 0x0000000084b00000, 0x0000000084b00000|
|  32|0x0000000084c00000, 0x0000000084c00000, 0x0000000084d00000|  0%| F|  |TS  0|AC  0|TAMS 0x0000000084c00000, 0x0000000084c00000|
|  33|0x0000000084d00000, 0x0000000084d00000, 0x0000000084e00000|  0%| F|  |TS  0|AC  0|TAMS 0x0000000084d00000, 0x0000000084d00000|
|  34|0x0000000084e00000, 0x0000000084e00000, 0x0000000084f00000|  0%| F|  |TS  0|AC  0|TAMS 0x0000000084e00000, 0x0000000084e00000|
|  35|0x0000000084f00000, 0x0000000084f00000, 0x0000000085000000|  0%| F|  |TS  0|AC  0|TAMS 0x0000000084f00000, 0x0000000084f00000|
|  36|0x0000000085000000, 0x0000000085000000, 0x0000000085100000|  0%| F|  |TS  0|AC  0|TAMS 0x0000000085000000, 0x0000000085000000|
|  37|0x0000000085100000, 0x0000000085100000, 0x0000000085200000|  0%| F|  |TS  0|AC  0|TAMS 0x0000000085100000, 0x0000000085100000|
|  38|0x0000000085200000, 0x0000000085200000, 0x0000000085300000|  0%| F|  |TS  0|AC  0|TAMS 0x0000000085200000, 0x0000000085200000|
|  39|0x0000000085300000, 0x0000000085300000, 0x0000000085400000|  0%| F|  |TS  0|AC  0|TAMS 0x0000000085300000, 0x0000000085300000|
|  40|0x0000000085400000, 0x0000000085400000, 0x0000000085500000|  0%| F|  |TS  0|AC  0|TAMS 0x0000000085400000, 0x0000000085400000|
|  41|0x0000000085500000, 0x0000000085500000, 0x0000000085600000|  0%| F|  |TS  0|AC  0|TAMS 0x0000000085500000, 0x0000000085500000|
|  42|0x0000000085600000, 0x0000000085600000, 0x0000000085700000|  0%| F|  |TS  0|AC  0|TAMS 0x0000000085600000, 0x0000000085600000|
|  43|0x0000000085700000, 0x0000000085700000, 0x0000000085800000|  0%| F|  |TS  0|AC  0|TAMS 0x0000000085700000, 0x0000000085700000|
|  44|0x0000000085800000, 0x0000000085800000, 0x0000000085900000|  0%| F|  |TS  0|AC  0|TAMS 0x0000000085800000, 0x0000000085800000|
|  45|0x0000000085900000, 0x0000000085900000, 0x0000000085a00000|  0%| F|  |TS  0|AC  0|TAMS 0x0000000085900000, 0x0000000085900000|
|  46|0x0000000085a00000, 0x0000000085a00000, 0x0000000085b00000|  0%| F|  |TS  0|AC  0|TAMS 0x0000000085a00000, 0x0000000085a00000|
|  47|0x0000000085b00000, 0x0000000085b00000, 0x0000000085c00000|  0%| F|  |TS  0|AC  0|TAMS 0x0000000085b00000, 0x0000000085b00000|
|  48|0x0000000085c00000, 0x0000000085c00000, 0x0000000085d00000|  0%| F|  |TS  0|AC  0|TAMS 0x0000000085c00000, 0x0000000085c00000|
|  49|0x0000000085d00000, 0x0000000085d00000, 0x0000000085e00000|  0%| F|  |TS  0|AC  0|TAMS 0x0000000085d00000, 0x0000000085d00000|
|  50|0x0000000085e00000, 0x0000000085e00000, 0x0000000085f00000|  0%| F|  |TS  0|AC  0|TAMS 0x0000000085e00000, 0x0000000085e00000|
|  51|0x0000000085f00000, 0x0000000085f00000, 0x0000000086000000|  0%| F|  |TS  0|AC  0|TAMS 0x0000000085f00000, 0x0000000085f00000|
|  52|0x0000000086000000, 0x0000000086000000, 0x0000000086100000|  0%| F|  |TS  0|AC  0|TAMS 0x0000000086000000, 0x0000000086000000|
|  53|0x0000000086100000, 0x0000000086100000, 0x0000000086200000|  0%| F|  |TS  0|AC  0|TAMS 0x0000000086100000, 0x0000000086100000|
|  54|0x0000000086200000, 0x0000000086200000, 0x0000000086300000|  0%| F|  |TS  0|AC  0|TAMS 0x0000000086200000, 0x0000000086200000|
|  55|0x0000000086300000, 0x0000000086300000, 0x0000000086400000|  0%| F|  |TS  0|AC  0|TAMS 0x0000000086300000, 0x0000000086300000|
|  56|0x0000000086400000, 0x0000000086400000, 0x0000000086500000|  0%| F|  |TS  0|AC  0|TAMS 0x0000000086400000, 0x0000000086400000|
|  57|0x0000000086500000, 0x0000000086500000, 0x0000000086600000|  0%| F|  |TS  0|AC  0|TAMS 0x0000000086500000, 0x0000000086500000|
|  58|0x0000000086600000, 0x0000000086600000, 0x0000000086700000|  0%| F|  |TS  0|AC  0|TAMS 0x0000000086600000, 0x0000000086600000|
|  59|0x0000000086700000, 0x0000000086700000, 0x0000000086800000|  0%| F|  |TS  0|AC  0|TAMS 0x0000000086700000, 0x0000000086700000|
|  60|0x0000000086800000, 0x0000000086800000, 0x0000000086900000|  0%| F|  |TS  0|AC  0|TAMS 0x0000000086800000, 0x0000000086800000|
|  61|0x0000000086900000, 0x0000000086900000, 0x0000000086a00000|  0%| F|  |TS  0|AC  0|TAMS 0x0000000086900000, 0x0000000086900000|
|  62|0x0000000086a00000, 0x0000000086a00000, 0x0000000086b00000|  0%| F|  |TS  0|AC  0|TAMS 0x0000000086a00000, 0x0000000086a00000|
|  63|0x0000000086b00000, 0x0000000086b00000, 0x0000000086c00000|  0%| F|  |TS  0|AC  0|TAMS 0x0000000086b00000, 0x0000000086b00000|
|  64|0x0000000086c00000, 0x0000000086c00000, 0x0000000086d00000|  0%| F|  |TS  0|AC  0|TAMS 0x0000000086c00000, 0x0000000086c00000|
|  65|0x0000000086d00000, 0x0000000086d00000, 0x0000000086e00000|  0%| F|  |TS  0|AC  0|TAMS 0x0000000086d00000, 0x0000000086d00000|
|  66|0x0000000086e00000, 0x0000000086e00000, 0x0000000086f00000|  0%| F|  |TS  0|AC  0|TAMS 0x0000000086e00000, 0x0000000086e00000|
|  67|0x0000000086f00000, 0x0000000086f00000, 0x0000000087000000|  0%| F|  |TS  0|AC  0|TAMS 0x0000000086f00000, 0x0000000086f00000|
|  68|0x0000000087000000, 0x0000000087000000, 0x0000000087100000|  0%| F|  |TS  0|AC  0|TAMS 0x0000000087000000, 0x0000000087000000|
|  69|0x0000000087100000, 0x0000000087100000, 0x0000000087200000|  0%| F|  |TS  0|AC  0|TAMS 0x0000000087100000, 0x0000000087100000|
|  70|0x0000000087200000, 0x0000000087200000, 0x0000000087300000|  0%| F|  |TS  0|AC  0|TAMS 0x0000000087200000, 0x0000000087200000|
|  71|0x0000000087300000, 0x0000000087300000, 0x0000000087400000|  0%| F|  |TS  0|AC  0|TAMS 0x0000000087300000, 0x0000000087300000|
|  72|0x0000000087400000, 0x0000000087400000, 0x0000000087500000|  0%| F|  |TS  0|AC  0|TAMS 0x0000000087400000, 0x0000000087400000|
|  73|0x0000000087500000, 0x0000000087500000, 0x0000000087600000|  0%| F|  |TS  0|AC  0|TAMS 0x0000000087500000, 0x0000000087500000|
|  74|0x0000000087600000, 0x0000000087600000, 0x0000000087700000|  0%| F|  |TS  0|AC  0|TAMS 0x0000000087600000, 0x0000000087600000|
|  75|0x0000000087700000, 0x0000000087700000, 0x0000000087800000|  0%| F|  |TS  0|AC  0|TAMS 0x0000000087700000, 0x0000000087700000|
|  76|0x0000000087800000, 0x0000000087800000, 0x0000000087900000|  0%| F|  |TS  0|AC  0|TAMS 0x0000000087800000, 0x0000000087800000|
|  77|0x0000000087900000, 0x0000000087900000, 0x0000000087a00000|  0%| F|  |TS  0|AC  0|TAMS 0x0000000087900000, 0x0000000087900000|
|  78|0x0000000087a00000, 0x0000000087a00000, 0x0000000087b00000|  0%| F|  |TS  0|AC  0|TAMS 0x0000000087a00000, 0x0000000087a00000|
|  79|0x0000000087b00000, 0x0000000087b00000, 0x0000000087c00000|  0%| F|  |TS  0|AC  0|TAMS 0x0000000087b00000, 0x0000000087b00000|
|  80|0x0000000087c00000, 0x0000000087c00000, 0x0000000087d00000|  0%| F|  |TS  0|AC  0|TAMS 0x0000000087c00000, 0x0000000087c00000|
|  81|0x0000000087d00000, 0x0000000087d00000, 0x0000000087e00000|  0%| F|  |TS  0|AC  0|TAMS 0x0000000087d00000, 0x0000000087d00000|
|  82|0x0000000087e00000, 0x0000000087e00000, 0x0000000087f00000|  0%| F|  |TS  0|AC  0|TAMS 0x0000000087e00000, 0x0000000087e00000|
|  83|0x0000000087f00000, 0x0000000087f00000, 0x0000000088000000|  0%| F|  |TS  0|AC  0|TAMS 0x0000000087f00000, 0x0000000087f00000|
|  84|0x0000000088000000, 0x0000000088000000, 0x0000000088100000|  0%| F|  |TS  0|AC  0|TAMS 0x0000000088000000, 0x0000000088000000|
|  85|0x0000000088100000, 0x0000000088100000, 0x0000000088200000|  0%| F|  |TS  0|AC  0|TAMS 0x0000000088100000, 0x0000000088100000|
|  86|0x0000000088200000, 0x0000000088200000, 0x0000000088300000|  0%| F|  |TS  0|AC  0|TAMS 0x0000000088200000, 0x0000000088200000|
|  87|0x0000000088300000, 0x0000000088300000, 0x0000000088400000|  0%| F|  |TS  0|AC  0|TAMS 0x0000000088300000, 0x0000000088300000|
|  88|0x0000000088400000, 0x0000000088400000, 0x0000000088500000|  0%| F|  |TS  0|AC  0|TAMS 0x0000000088400000, 0x0000000088400000|
|  89|0x0000000088500000, 0x0000000088500000, 0x0000000088600000|  0%| F|  |TS  0|AC  0|TAMS 0x0000000088500000, 0x0000000088500000|
|  90|0x0000000088600000, 0x0000000088600000, 0x0000000088700000|  0%| F|  |TS  0|AC  0|TAMS 0x0000000088600000, 0x0000000088600000|
|  91|0x0000000088700000, 0x0000000088700000, 0x0000000088800000|  0%| F|  |TS  0|AC  0|TAMS 0x0000000088700000, 0x0000000088700000|
|  92|0x0000000088800000, 0x0000000088800000, 0x0000000088900000|  0%| F|  |TS  0|AC  0|TAMS 0x0000000088800000, 0x0000000088800000|
|  93|0x0000000088900000, 0x0000000088900000, 0x0000000088a00000|  0%| F|  |TS  0|AC  0|TAMS 0x0000000088900000, 0x0000000088900000|
|  94|0x0000000088a00000, 0x0000000088a00000, 0x0000000088b00000|  0%| F|  |TS  0|AC  0|TAMS 0x0000000088a00000, 0x0000000088a00000|
|  95|0x0000000088b00000, 0x0000000088b00000, 0x0000000088c00000|  0%| F|  |TS  0|AC  0|TAMS 0x0000000088b00000, 0x0000000088b00000|
|  96|0x0000000088c00000, 0x0000000088c00000, 0x0000000088d00000|  0%| F|  |TS  0|AC  0|TAMS 0x0000000088c00000, 0x0000000088c00000|
|  97|0x0000000088d00000, 0x0000000088d00000, 0x0000000088e00000|  0%| F|  |TS  0|AC  0|TAMS 0x0000000088d00000, 0x0000000088d00000|
|  98|0x0000000088e00000, 0x0000000088e00000, 0x0000000088f00000|  0%| F|  |TS  0|AC  0|TAMS 0x0000000088e00000, 0x0000000088e00000|
|  99|0x0000000088f00000, 0x0000000088f00000, 0x0000000089000000|  0%| F|  |TS  0|AC  0|TAMS 0x0000000088f00000, 0x0000000088f00000|
| 100|0x0000000089000000, 0x0000000089000000, 0x0000000089100000|  0%| F|  |TS  0|AC  0|TAMS 0x0000000089000000, 0x0000000089000000|
| 101|0x0000000089100000, 0x0000000089100000, 0x0000000089200000|  0%| F|  |TS  0|AC  0|TAMS 0x0000000089100000, 0x0000000089100000|
| 102|0x0000000089200000, 0x0000000089200000, 0x0000000089300000|  0%| F|  |TS  0|AC  0|TAMS 0x0000000089200000, 0x0000000089200000|
| 103|0x0000000089300000, 0x0000000089300000, 0x0000000089400000|  0%| F|  |TS  0|AC  0|TAMS 0x0000000089300000, 0x0000000089300000|
| 104|0x0000000089400000, 0x0000000089400000, 0x0000000089500000|  0%| F|  |TS  0|AC  0|TAMS 0x0000000089400000, 0x0000000089400000|
| 105|0x0000000089500000, 0x0000000089500000, 0x0000000089600000|  0%| F|  |TS  0|AC  0|TAMS 0x0000000089500000, 0x0000000089500000|
| 106|0x0000000089600000, 0x0000000089600000, 0x0000000089700000|  0%| F|  |TS  0|AC  0|TAMS 0x0000000089600000, 0x0000000089600000|
| 107|0x0000000089700000, 0x0000000089700000, 0x0000000089800000|  0%| F|  |TS  0|AC  0|TAMS 0x0000000089700000, 0x0000000089700000|
| 108|0x0000000089800000, 0x0000000089800000, 0x0000000089900000|  0%| F|  |TS  0|AC  0|TAMS 0x0000000089800000, 0x0000000089800000|
| 109|0x0000000089900000, 0x0000000089900000, 0x0000000089a00000|  0%| F|  |TS  0|AC  0|TAMS 0x0000000089900000, 0x0000000089900000|
| 110|0x0000000089a00000, 0x0000000089a00000, 0x0000000089b00000|  0%| F|  |TS  0|AC  0|TAMS 0x0000000089a00000, 0x0000000089a00000|
| 111|0x0000000089b00000, 0x0000000089b00000, 0x0000000089c00000|  0%| F|  |TS  0|AC  0|TAMS 0x0000000089b00000, 0x0000000089b00000|
| 112|0x0000000089c00000, 0x0000000089d00000, 0x0000000089d00000|100%| E|  |TS  0|AC  0|TAMS 0x0000000089c00000, 0x0000000089c00000|
| 113|0x0000000089d00000, 0x0000000089e00000, 0x0000000089e00000|100%| E|CS|TS  0|AC  0|TAMS 0x0000000089d00000, 0x0000000089d00000|
| 114|0x0000000089e00000, 0x0000000089f00000, 0x0000000089f00000|100%| E|CS|TS  0|AC  0|TAMS 0x0000000089e00000, 0x0000000089e00000|
| 115|0x0000000089f00000, 0x000000008a000000, 0x000000008a000000|100%| E|CS|TS  0|AC  0|TAMS 0x0000000089f00000, 0x0000000089f00000|
| 116|0x000000008a000000, 0x000000008a100000, 0x000000008a100000|100%| E|CS|TS  0|AC  0|TAMS 0x000000008a000000, 0x000000008a000000|
| 117|0x000000008a100000, 0x000000008a200000, 0x000000008a200000|100%| E|CS|TS  0|AC  0|TAMS 0x000000008a100000, 0x000000008a100000|
| 118|0x000000008a200000, 0x000000008a300000, 0x000000008a300000|100%| E|CS|TS  0|AC  0|TAMS 0x000000008a200000, 0x000000008a200000|
| 119|0x000000008a300000, 0x000000008a400000, 0x000000008a400000|100%| E|CS|TS  0|AC  0|TAMS 0x000000008a300000, 0x000000008a300000|
| 120|0x000000008a400000, 0x000000008a500000, 0x000000008a500000|100%| E|CS|TS  0|AC  0|TAMS 0x000000008a400000, 0x000000008a400000|
| 121|0x000000008a500000, 0x000000008a600000, 0x000000008a600000|100%| E|CS|TS  0|AC  0|TAMS 0x000000008a500000, 0x000000008a500000|
| 122|0x000000008a600000, 0x000000008a700000, 0x000000008a700000|100%| E|CS|TS  0|AC  0|TAMS 0x000000008a600000, 0x000000008a600000|
| 123|0x000000008a700000, 0x000000008a800000, 0x000000008a800000|100%| E|CS|TS  0|AC  0|TAMS 0x000000008a700000, 0x000000008a700000|
| 124|0x000000008a800000, 0x000000008a900000, 0x000000008a900000|100%| E|CS|TS  0|AC  0|TAMS 0x000000008a800000, 0x000000008a800000|
| 125|0x000000008a900000, 0x000000008aa00000, 0x000000008aa00000|100%| E|CS|TS  0|AC  0|TAMS 0x000000008a900000, 0x000000008a900000|

Card table byte_map: [0x000001ea7b2e0000,0x000001ea7b6d0000] byte_map_base: 0x000001ea7aeca000

Marking Bits (Prev, Next): (CMBitMap*) 0x000001ea630f8f90, (CMBitMap*) 0x000001ea630f8fc8
 Prev Bits: [0x000001ea7bac0000, 0x000001ea7da10000)
 Next Bits: [0x000001ea7da10000, 0x000001ea7f960000)

Polling page: 0x000001ea63160000

CodeHeap 'non-profiled nmethods': size=120064Kb used=254Kb max_used=254Kb free=119810Kb
 bounds [0x000001ea73090000, 0x000001ea73300000, 0x000001ea7a5d0000]
CodeHeap 'profiled nmethods': size=120000Kb used=1465Kb max_used=1465Kb free=118534Kb
 bounds [0x000001ea6bb60000, 0x000001ea6bdd0000, 0x000001ea73090000]
CodeHeap 'non-nmethods': size=5696Kb used=1223Kb max_used=1236Kb free=4473Kb
 bounds [0x000001ea6b5d0000, 0x000001ea6b840000, 0x000001ea6bb60000]
 total_blobs=1384 nmethods=834 adapters=291
 compilation: enabled

Compilation events (10 events):
Event: 0.365 Thread 0x000001ea02908000  793       3       sun.invoke.util.VerifyAccess::isClassAccessible (182 bytes)
Event: 0.366 Thread 0x000001ea02908000 nmethod 793 0x000001ea6bcc0110 code [0x000001ea6bcc0420, 0x000001ea6bcc1880]
Event: 0.366 Thread 0x000001ea02908000  794       3       sun.invoke.util.VerifyAccess::getClassModifiers (24 bytes)
Event: 0.366 Thread 0x000001ea02908000 nmethod 794 0x000001ea6bcc1d10 code [0x000001ea6bcc1ee0, 0x000001ea6bcc22f0]
Event: 0.366 Thread 0x000001ea02908000  796       3       java.lang.Class::getReflectionFactory (26 bytes)
Event: 0.366 Thread 0x000001ea02906800  797       4       java.util.HashMap::putVal (300 bytes)
Event: 0.366 Thread 0x000001ea02908000 nmethod 796 0x000001ea6bcc2410 code [0x000001ea6bcc25e0, 0x000001ea6bcc29f0]
Event: 0.368 Thread 0x000001ea02908000  798       3       java.util.regex.Matcher::groupCount (10 bytes)
Event: 0.368 Thread 0x000001ea02908000 nmethod 798 0x000001ea6bcc2b10 code [0x000001ea6bcc2cc0, 0x000001ea6bcc2e18]
Event: 0.369 Thread 0x000001ea02908000  799       3       java.lang.ClassLoader::addClass (9 bytes)

GC Heap History (0 events):
No events

Deoptimization events (2 events):
Event: 0.166 Thread 0x000001ea63061800 Uncommon trap: reason=unstable_if action=reinterpret pc=0x000001ea730a807c method=java.nio.Buffer.hasRemaining()Z @ 8 c2
Event: 0.343 Thread 0x000001ea63061800 Uncommon trap: reason=unstable_if action=reinterpret pc=0x000001ea730bfc28 method=java.util.HashMap.getNode(ILjava/lang/Object;)Ljava/util/HashMap$Node; @ 129 c2

Classes redefined (0 events):
No events

Internal exceptions (10 events):
Event: 0.218 Thread 0x000001ea63061800 Exception <a 'java/security/PrivilegedActionException'{0x000000008a434330}> (0x000000008a434330) thrown at [t:/workspace/hotspot/src/share/vm/prims/jvm.cpp, line 1310]
Event: 0.219 Thread 0x000001ea63061800 Exception <a 'java/security/PrivilegedActionException'{0x000000008a435768}> (0x000000008a435768) thrown at [t:/workspace/hotspot/src/share/vm/prims/jvm.cpp, line 1310]
Event: 0.219 Thread 0x000001ea63061800 Exception <a 'java/security/PrivilegedActionException'{0x000000008a435978}> (0x000000008a435978) thrown at [t:/workspace/hotspot/src/share/vm/prims/jvm.cpp, line 1310]
Event: 0.241 Thread 0x000001ea63061800 Exception <a 'java/lang/NoSuchMethodError'{0x000000008a378750}: method resolution failed> (0x000000008a378750) thrown at [t:/workspace/hotspot/src/share/vm/prims/methodHandles.cpp, line 1256]
Event: 0.242 Thread 0x000001ea63061800 Exception <a 'java/lang/NoSuchMethodError'{0x000000008a380b00}: method resolution failed> (0x000000008a380b00) thrown at [t:/workspace/hotspot/src/share/vm/prims/methodHandles.cpp, line 1256]
Event: 0.242 Thread 0x000001ea63061800 Exception <a 'java/lang/NoSuchMethodError'{0x000000008a384bf8}: method resolution failed> (0x000000008a384bf8) thrown at [t:/workspace/hotspot/src/share/vm/prims/methodHandles.cpp, line 1256]
Event: 0.292 Thread 0x000001ea63061800 Exception <a 'java/lang/NoSuchMethodError'{0x0000000089ff04c8}: method resolution failed> (0x0000000089ff04c8) thrown at [t:/workspace/hotspot/src/share/vm/prims/methodHandles.cpp, line 1256]
Event: 0.292 Thread 0x000001ea63061800 Exception <a 'java/lang/NoSuchMethodError'{0x0000000089ff8548}: method resolution failed> (0x0000000089ff8548) thrown at [t:/workspace/hotspot/src/share/vm/prims/methodHandles.cpp, line 1256]
Event: 0.296 Thread 0x000001ea63061800 Exception <a 'java/lang/NoSuchMethodError'{0x0000000089e0dbb0}: java.lang.invoke.DirectMethodHandle$Holder.invokeStatic(Ljava/lang/Object;Ljava/lang/Object;)I> (0x0000000089e0dbb0) thrown at [t:/workspace/hotspot/src/share/vm/interpreter/linkResolver.cpp,
Event: 0.297 Thread 0x000001ea63061800 Exception <a 'java/lang/NoSuchMethodError'{0x0000000089e1a7d0}: java.lang.Object.of([Ljava/lang/Object;)Ljava/util/stream/Stream;> (0x0000000089e1a7d0) thrown at [t:/workspace/hotspot/src/share/vm/interpreter/linkResolver.cpp, line 731]

Events (10 events):
Event: 0.368 loading class java/util/Formatter$Conversion
Event: 0.368 loading class java/util/Formatter$Conversion done
Event: 0.368 loading class java/util/Formatter$FixedString
Event: 0.368 loading class java/util/Formatter$FixedString done
Event: 0.368 loading class org/apache/logging/log4j/core/script/ScriptManager
Event: 0.368 loading class org/apache/logging/log4j/core/script/ScriptManager done
Event: 0.368 loading class org/apache/logging/log4j/core/util/FileWatcher
Event: 0.368 loading class org/apache/logging/log4j/core/util/FileWatcher done
Event: 0.369 loading class java/util/ServiceConfigurationError
Event: 0.369 loading class java/util/ServiceConfigurationError done


Dynamic libraries:
0x00007ff7ffe80000 - 0x00007ff7ffebe000 	C:\ProgramData\Oracle\Java\javapath\java.exe
0x00007ffeb5e10000 - 0x00007ffeb6027000 	C:\WINDOWS\SYSTEM32\ntdll.dll
0x00007ffeb5ce0000 - 0x00007ffeb5da4000 	C:\WINDOWS\System32\KERNEL32.DLL
0x00007ffeb3220000 - 0x00007ffeb35f2000 	C:\WINDOWS\System32\KERNELBASE.dll
0x00007ffeb5780000 - 0x00007ffeb5831000 	C:\WINDOWS\System32\ADVAPI32.dll
0x00007ffeb3aa0000 - 0x00007ffeb3b47000 	C:\WINDOWS\System32\msvcrt.dll
0x00007ffeb5a60000 - 0x00007ffeb5b08000 	C:\WINDOWS\System32\sechost.dll
0x00007ffeb3a70000 - 0x00007ffeb3a98000 	C:\WINDOWS\System32\bcrypt.dll
0x00007ffeb5660000 - 0x00007ffeb5774000 	C:\WINDOWS\System32\RPCRT4.dll
0x00007ffeb4e80000 - 0x00007ffeb5031000 	C:\WINDOWS\System32\USER32.dll
0x00007ffeb2f80000 - 0x00007ffeb2fa6000 	C:\WINDOWS\System32\win32u.dll
0x00007ffeb4b00000 - 0x00007ffeb4b29000 	C:\WINDOWS\System32\GDI32.dll
0x00007ffeb2fb0000 - 0x00007ffeb30d3000 	C:\WINDOWS\System32\gdi32full.dll
0x00007ffeb3890000 - 0x00007ffeb392a000 	C:\WINDOWS\System32\msvcp_win.dll
0x00007ffeb3600000 - 0x00007ffeb3711000 	C:\WINDOWS\System32\ucrtbase.dll
0x00007ffe9ef80000 - 0x00007ffe9f21b000 	C:\WINDOWS\WinSxS\amd64_microsoft.windows.common-controls_6595b64144ccf1df_6.0.22621.5413_none_270da5617387a498\COMCTL32.dll
0x00007ffead740000 - 0x00007ffead74a000 	C:\WINDOWS\SYSTEM32\VERSION.dll
0x00007ffeb4d80000 - 0x00007ffeb4db1000 	C:\WINDOWS\System32\IMM32.DLL
0x00007ffe54f00000 - 0x00007ffe54fef000 	C:\Program Files\Java\jre-9.0.4\bin\msvcr120.dll
0x00007ffe54e50000 - 0x00007ffe54ef6000 	C:\Program Files\Java\jre-9.0.4\bin\msvcp120.dll
0x0000000050ce0000 - 0x0000000051705000 	C:\Program Files\Java\jre-9.0.4\bin\server\jvm.dll
0x00007ffeb5840000 - 0x00007ffeb5848000 	C:\WINDOWS\System32\PSAPI.DLL
0x00007ffe97cd0000 - 0x00007ffe97cd9000 	C:\WINDOWS\SYSTEM32\WSOCK32.dll
0x00007ffe9f3c0000 - 0x00007ffe9f3f4000 	C:\WINDOWS\SYSTEM32\WINMM.dll
0x00007ffeb4d00000 - 0x00007ffeb4d71000 	C:\WINDOWS\System32\WS2_32.dll
0x00007ffe55a60000 - 0x00007ffe55a6f000 	C:\Program Files\Java\jre-9.0.4\bin\verify.dll
0x00007ffe54630000 - 0x00007ffe54657000 	C:\Program Files\Java\jre-9.0.4\bin\java.dll
0x00007ffe54e30000 - 0x00007ffe54e46000 	C:\Program Files\Java\jre-9.0.4\bin\zip.dll
0x00007ffe54e20000 - 0x00007ffe54e2a000 	C:\Program Files\Java\jre-9.0.4\bin\jimage.dll
0x00007ffeb3fe0000 - 0x00007ffeb4882000 	C:\WINDOWS\System32\SHELL32.dll
0x00007ffeb30e0000 - 0x00007ffeb321f000 	C:\WINDOWS\System32\wintypes.dll
0x00007ffeb3c40000 - 0x00007ffeb3fd3000 	C:\WINDOWS\System32\combase.dll
0x00007ffeb0e30000 - 0x00007ffeb174d000 	C:\WINDOWS\SYSTEM32\windows.storage.dll
0x00007ffeb49a0000 - 0x00007ffeb4aab000 	C:\WINDOWS\System32\SHCORE.dll
0x00007ffeb5be0000 - 0x00007ffeb5c49000 	C:\WINDOWS\System32\shlwapi.dll
0x00007ffeb2e30000 - 0x00007ffeb2e5b000 	C:\WINDOWS\SYSTEM32\profapi.dll
0x00007ffe542d0000 - 0x00007ffe542ea000 	C:\Program Files\Java\jre-9.0.4\bin\net.dll
0x00007ffead4d0000 - 0x00007ffead5fc000 	C:\WINDOWS\SYSTEM32\WINHTTP.dll
0x00007ffeb23b0000 - 0x00007ffeb2419000 	C:\WINDOWS\system32\mswsock.dll
0x00007ffe53cb0000 - 0x00007ffe53cc1000 	C:\Program Files\Java\jre-9.0.4\bin\nio.dll
0x00007ffe517e0000 - 0x00007ffe517e9000 	C:\Program Files\Java\jre-9.0.4\bin\management.dll
0x00007ffe51180000 - 0x00007ffe5118a000 	C:\Program Files\Java\jre-9.0.4\bin\management_ext.dll
0x00007ffe920b0000 - 0x00007ffe920c7000 	C:\WINDOWS\system32\napinsp.dll
0x00007ffe92090000 - 0x00007ffe920ab000 	C:\WINDOWS\system32\pnrpnsp.dll
0x00007ffeb1a20000 - 0x00007ffeb1b18000 	C:\WINDOWS\SYSTEM32\DNSAPI.dll
0x00007ffeb19b0000 - 0x00007ffeb19dd000 	C:\WINDOWS\SYSTEM32\IPHLPAPI.DLL
0x00007ffeb4dc0000 - 0x00007ffeb4dc9000 	C:\WINDOWS\System32\NSI.dll
0x00007ffe92070000 - 0x00007ffe92081000 	C:\WINDOWS\System32\winrnr.dll
0x00007ffe92050000 - 0x00007ffe9206f000 	C:\WINDOWS\system32\wshbth.dll
0x00007ffe92020000 - 0x00007ffe92041000 	C:\WINDOWS\system32\nlansp_c.dll
0x00007ffeac3b0000 - 0x00007ffeac3ba000 	C:\Windows\System32\rasadhlp.dll
0x00007ffeac070000 - 0x00007ffeac0f4000 	C:\WINDOWS\System32\fwpuclnt.dll
0x00007ffe9f520000 - 0x00007ffe9f752000 	C:\WINDOWS\SYSTEM32\dbghelp.dll
0x00007ffeb3b50000 - 0x00007ffeb3c27000 	C:\WINDOWS\System32\OLEAUT32.dll
0x00007ffeb39f0000 - 0x00007ffeb3a6b000 	C:\WINDOWS\System32\bcryptPrimitives.dll

VM Arguments:
java_command: c:\ProgramData\robocorp\ht\b30d6a5_b1f3c24_59f207d3\lib\site-packages\SikuliLibrary\lib\SikuliLibrary.jar 51983 C:\JobcardOpeningIntegrated
java_class_path (initial): c:\ProgramData\robocorp\ht\b30d6a5_b1f3c24_59f207d3\lib\site-packages\SikuliLibrary\lib\SikuliLibrary.jar
Launcher Type: SUN_STANDARD

Logging:
Log output configuration:
#0: stdout all=warning uptime,level,tags
#1: stderr all=off uptime,level,tags

Environment Variables:
PATH=c:\JobcardOpeningIntegrated;c:\ProgramData\robocorp\ht\b30d6a5_b1f3c24_59f207d3;c:\ProgramData\robocorp\ht\b30d6a5_b1f3c24_59f207d3\Library\mingw-w64\bin;c:\ProgramData\robocorp\ht\b30d6a5_b1f3c24_59f207d3\Library\usr\bin;c:\ProgramData\robocorp\ht\b30d6a5_b1f3c24_59f207d3\Library\bin;c:\ProgramData\robocorp\ht\b30d6a5_b1f3c24_59f207d3\Scripts;c:\ProgramData\robocorp\ht\b30d6a5_b1f3c24_59f207d3\bin;C:\ProgramData\Oracle\Java\javapath;C:\Program Files\OpenSSH-Win64;C:\Program Files\Common Files\Oracle\Java\javapath;C:\WINDOWS\system32;C:\WINDOWS;C:\WINDOWS\System32\Wbem;C:\WINDOWS\System32\WindowsPowerShell\v1.0;C:\WINDOWS\System32\OpenSSH;C:\Program Files\Git\cmd;C:\Users\popular\AppData\Local\Microsoft\WindowsApps;C:\Users\popular\AppData\Local\Programs\Microsoft VS Code\bin;C:\Program Files\JetBrains\PyCharm Community Edition 2024.1.4\bin;c:\JobcardOpeningIntegrated
USERNAME=popular
OS=Windows_NT
PROCESSOR_IDENTIFIER=Intel64 Family 6 Model 158 Stepping 11, GenuineIntel



---------------  S Y S T E M  ---------------

OS: Windows 10 , 64 bit Build 22621 (10.0.22621.5413)

CPU:total 4 (initial active 4) (4 cores per cpu, 1 threads per core) family 6 model 158 stepping 11, cmov, cx8, fxsr, mmx, sse, sse2, sse3, ssse3, sse4.1, sse4.2, popcnt, avx, avx2, aes, clmul, erms, 3dnowpref, lzcnt, tsc, tscinvbit, bmi1, bmi2, adx, fma

Memory: 4k page, physical 8200792k(1430904k free), swap 33366616k(84k free)

vm_info: Java HotSpot(TM) 64-Bit Server VM (9.0.4+11) for windows-amd64 JRE (9.0.4+11), built on Dec 20 2017 02:18:54 by "mach5one" with MS VC++ 12.0 (VS2013)

END.
