#
# A fatal error has been detected by the Java Runtime Environment:
#
#  EXCEPTION_ACCESS_VIOLATION (0xc0000005) at pc=0x000000005101fab3, pid=15624, tid=23164
#
# JRE version: Java(TM) SE Runtime Environment (9.0+11) (build 9.0.4+11)
# Java VM: Java HotSpot(TM) 64-Bit Server VM (9.0.4+11, mixed mode, tiered, compressed oops, g1 gc, windows-amd64)
# Problematic frame:
# V  [jvm.dll+0x33fab3]
#
# No core dump will be written. Minidumps are not enabled by default on client versions of Windows
#
# If you would like to submit a bug report, please visit:
#   http://bugreport.java.com/bugreport/crash.jsp
#

---------------  S U M M A R Y ------------

Command Line: c:\ProgramData\robocorp\ht\b30d6a5_b1f3c24_59f207d3\lib\site-packages\SikuliLibrary\lib\SikuliLibrary.jar 51604 C:\JobcardOpeningIntegrated

Host: Intel(R) Core(TM) i3-8100 CPU @ 3.60GHz, 4 cores, 7G,  Windows 10 , 64 bit Build 22621 (10.0.22621.5413)
Time: Fri May 30 16:18:51 2025 India Standard Time elapsed time: 7339 seconds (0d 2h 2m 19s)

---------------  T H R E A D  ---------------

Current thread (0x0000020997867000):  JavaThread "AWT-Shutdown" [_thread_in_vm, id=23164, stack(0x000000e975600000,0x000000e975700000)]

Stack: [0x000000e975600000,0x000000e975700000],  sp=0x000000e9756ff060,  free space=1020k
Native frames: (J=compiled Java code, j=interpreted, Vv=VM code, C=native code)
V  [jvm.dll+0x33fab3]
V  [jvm.dll+0x586f82]
V  [jvm.dll+0x34067f]
V  [jvm.dll+0x340567]
V  [jvm.dll+0x3b60dd]
V  [jvm.dll+0x66b44f]
