#
# A fatal error has been detected by the Java Runtime Environment:
#
#  EXCEPTION_STACK_OVERFLOW (0xc00000fd) at pc=0x000000005101fab3, pid=16404, tid=22828
#
# JRE version: Java(TM) SE Runtime Environment (9.0+11) (build 9.0.4+11)
# Java VM: Java HotSpot(TM) 64-Bit Server VM (9.0.4+11, mixed mode, tiered, compressed oops, g1 gc, windows-amd64)
# Problematic frame:
# V  [jvm.dll+0x33fab3]
#
# No core dump will be written. Minidumps are not enabled by default on client versions of Windows
#
# If you would like to submit a bug report, please visit:
#   http://bugreport.java.com/bugreport/crash.jsp
#

---------------  S U M M A R Y ------------

Command Line: c:\ProgramData\robocorp\ht\b30d6a5_b1f3c24_59f207d3\lib\site-packages\SikuliLibrary\lib\SikuliLibrary.jar 51872 C:\JobcardOpeningIntegrated

Host: Intel(R) Core(TM) i3-8100 CPU @ 3.60GHz, 4 cores, 7G,  Windows 10 , 64 bit Build 22621 (10.0.22621.5413)
Time: Fri May 30 16:18:51 2025 India Standard Time elapsed time: 6819 seconds (0d 1h 53m 39s)

---------------  T H R E A D  ---------------

Current thread (0x000001e01f461800):  JavaThread "AWT-Shutdown" [_thread_in_vm, id=22828, stack(0x000000a22fa00000,0x000000a22fb00000)]

Stack: [0x000000a22fa00000,0x000000a22fb00000],  sp=0x000000a22faff5c0,  free space=1021k
Native frames: (J=compiled Java code, j=interpreted, Vv=VM code, C=native code)
V  [jvm.dll+0x33fab3]
V  [jvm.dll+0x586f82]
V  [jvm.dll+0x34067f]
V  [jvm.dll+0x340567]
V  [jvm.dll+0x3b60dd]
V  [jvm.dll+0x66b44f]
V  [jvm.dll+0x586490]
C  [msvcr120.dll+0x24f7f]
C  [msvcr120.dll+0x25126]
C  [KERNEL32.DLL+0x1259d]
C  [ntdll.dll+0x5af78]


siginfo: EXCEPTION_STACK_OVERFLOW (0xc00000fd), ExceptionInformation=0x0000000000000001 0x000000a22faf95c0 


Register to memory mapping:

RIP=0x000000005101fab3 jvm.dll
RAX=0x0000000000000002 is an unknown value
RBX=0x000000a22faf95c0 is pointing into the stack for thread: 0x000001e01f461800
RCX=0x0000000000001000 is an unknown value
RDX=0x0000000000000000 is an unknown value
RSP=0x000000a22faff5c0 is pointing into the stack for thread: 0x000001e01f461800
RBP=0x000000a22faff6c0 is pointing into the stack for thread: 0x000001e01f461800
RSI=0x0000000000000000 is an unknown value
RDI=0x000000a22faff760 is pointing into the stack for thread: 0x000001e01f461800
R8 =0x000000a22faff5c0 is pointing into the stack for thread: 0x000001e01f461800
R9 =0x000001e01f9fa060 is an unknown value
R10={method} {0x000001e01e850000} 'run' '()V' in 'java/lang/Thread'
R11=0x000000a22faff910 is pointing into the stack for thread: 0x000001e01f461800
R12=0x000000a22faff910 is pointing into the stack for thread: 0x000001e01f461800
R13=0x0000000000000000 is an unknown value
R14=0x000001e01f461800 is a thread
R15=0x000000a22faff608 is pointing into the stack for thread: 0x000001e01f461800


Registers:
RAX=0x0000000000000002, RBX=0x000000a22faf95c0, RCX=0x0000000000001000, RDX=0x0000000000000000
RSP=0x000000a22faff5c0, RBP=0x000000a22faff6c0, RSI=0x0000000000000000, RDI=0x000000a22faff760
R8 =0x000000a22faff5c0, R9 =0x000001e01f9fa060, R10=0x000001e01e84fff8, R11=0x000000a22faff910
R12=0x000000a22faff910, R13=0x0000000000000000, R14=0x000001e01f461800, R15=0x000000a22faff608
RIP=0x000000005101fab3, EFLAGS=0x0000000000010206

Top of Stack: (sp=0x000000a22faff5c0)
0x000000a22faff5c0:   000000a22faff5c0 0000000000000000
0x000000a22faff5d0:   000001e01e84fff8 000001e01f461800
0x000000a22faff5e0:   000001e01f461800 0000000050ec658a
0x000000a22faff5f0:   000000a22faff680 000001e01f461800
0x000000a22faff600:   000001e007f67d60 000001e01fa9f540
0x000000a22faff610:   0000000000000000 0000000050fede85
0x000000a22faff620:   0000000000000000 0000000000000000
0x000000a22faff630:   000001e01e84fff8 000001e01f461800
0x000000a22faff640:   0000000100006718 00000000511789c7
0x000000a22faff650:   0000000100006718 0000000100006718
0x000000a22faff660:   000001e01e850040 000001e01e84fff8
0x000000a22faff670:   000001e01f461800 0000000000000000
0x000000a22faff680:   000001e01e84fff8 000001e01f461800
0x000000a22faff690:   000001e01e84fff8 000001e01f461800
0x000000a22faff6a0:   000001e01f14fd20 000001e01f1500f8
0x000000a22faff6b0:   0000000000000000 0000000000000000 

Instructions: (pc=0x000000005101fab3)
0x000000005101fa93:   e4 62 00 48 8b 05 eb bd 64 00 33 d2 48 f7 f1 48
0x000000005101faa3:   83 f8 01 72 13 0f 1f 84 00 00 00 00 00 48 2b d9
0x000000005101fab3:   c6 03 00 48 ff c8 75 f5 48 85 f6 74 50 48 8b 06
0x000000005101fac3:   48 8b ce ff 90 80 00 00 00 84 c0 0f 84 65 01 00 



---------------  P R O C E S S  ---------------

Java Threads: ( => current thread )
=>0x000001e01f461800 JavaThread "AWT-Shutdown" [_thread_in_vm, id=22828, stack(0x000000a22fa00000,0x000000a22fb00000)]
  0x000001e01f45a000 JavaThread "AWT-Windows" daemon [_thread_blocked, id=19128, stack(0x000000a232200000,0x000000a232300000)]
  0x000001e01f45e800 JavaThread "Java2D Disposer" daemon [_thread_blocked, id=19120, stack(0x000000a231e00000,0x000000a231f00000)]
  0x000001e01f45f000 JavaThread "Connector-Scheduler-1169afe1-1" [_thread_blocked, id=19080, stack(0x000000a232000000,0x000000a232100000)]
  0x000001e01f460800 JavaThread "DestroyJavaVM" [_thread_blocked, id=15292, stack(0x000000a22fd00000,0x000000a22fe00000)]
  0x000001e01f97d000 JavaThread "SeedGenerator Thread" daemon [_thread_blocked, id=17316, stack(0x000000a231d00000,0x000000a231e00000)]
  0x000001e01f97b800 JavaThread "qtp1125964210-20" [_thread_in_native, id=11336, stack(0x000000a231c00000,0x000000a231d00000)]
  0x000001e01f97c800 JavaThread "qtp1125964210-19" [_thread_in_native, id=16064, stack(0x000000a231b00000,0x000000a231c00000)]
  0x000001e01f978000 JavaThread "qtp1125964210-18" [_thread_blocked, id=17576, stack(0x000000a231a00000,0x000000a231b00000)]
  0x000001e01f978800 JavaThread "qtp1125964210-17" [_thread_blocked, id=17560, stack(0x000000a231900000,0x000000a231a00000)]
  0x000001e01f97b000 JavaThread "qtp1125964210-16" [_thread_blocked, id=7836, stack(0x000000a231800000,0x000000a231900000)]
  0x000001e01f97a000 JavaThread "qtp1125964210-15-acceptor-0@3edcc4a6-ServerConnector@1169afe1{HTTP/1.1, (http/1.1)}{0.0.0.0:51872}" [_thread_in_native, id=7532, stack(0x000000a231700000,0x000000a231800000)]
  0x000001e01f979800 JavaThread "qtp1125964210-14" [_thread_blocked, id=17500, stack(0x000000a231600000,0x000000a231700000)]
  0x000001e01fbda000 JavaThread "qtp1125964210-13" [_thread_blocked, id=16052, stack(0x000000a231500000,0x000000a231600000)]
  0x000001e01f445000 JavaThread "Service Thread" daemon [_thread_blocked, id=16368, stack(0x000000a231300000,0x000000a231400000)]
  0x000001e01f21c800 JavaThread "Common-Cleaner" daemon [_thread_blocked, id=14832, stack(0x000000a231200000,0x000000a231300000)]
  0x000001e01f126000 JavaThread "Sweeper thread" daemon [_thread_blocked, id=18068, stack(0x000000a231100000,0x000000a231200000)]
  0x000001e01f125800 JavaThread "C1 CompilerThread2" daemon [_thread_blocked, id=2920, stack(0x000000a231000000,0x000000a231100000)]
  0x000001e01f124800 JavaThread "C2 CompilerThread1" daemon [_thread_blocked, id=12268, stack(0x000000a230f00000,0x000000a231000000)]
  0x000001e01f117800 JavaThread "C2 CompilerThread0" daemon [_thread_blocked, id=18392, stack(0x000000a230e00000,0x000000a230f00000)]
  0x000001e01f112800 JavaThread "Attach Listener" daemon [_thread_blocked, id=17476, stack(0x000000a230d00000,0x000000a230e00000)]
  0x000001e01f111800 JavaThread "Signal Dispatcher" daemon [_thread_blocked, id=1776, stack(0x000000a230c00000,0x000000a230d00000)]
  0x000001e01f0fc000 JavaThread "Finalizer" daemon [_thread_blocked, id=18420, stack(0x000000a230b00000,0x000000a230c00000)]
  0x000001e01f0c8000 JavaThread "Reference Handler" daemon [_thread_blocked, id=3648, stack(0x000000a230a00000,0x000000a230b00000)]

Other Threads:
  0x000001e01f0f2000 VMThread "VM Thread" [stack: 0x000000a230900000,0x000000a230a00000] [id=18072]
  0x000001e01f44a000 WatcherThread [stack: 0x000000a231400000,0x000000a231500000] [id=14388]
  0x000001e07f97c800 GCTaskThread "GC Thread#0" [stack: 0x000000a22fe00000,0x000000a22ff00000] [id=18308]
  0x000001e07f97f000 GCTaskThread "GC Thread#1" [stack: 0x000000a22ff00000,0x000000a230000000] [id=18088]
  0x000001e07f980800 GCTaskThread "GC Thread#2" [stack: 0x000000a230000000,0x000000a230100000] [id=17516]
  0x000001e07f984000 GCTaskThread "GC Thread#3" [stack: 0x000000a230100000,0x000000a230200000] [id=8196]
  0x000001e07fa02800 ConcurrentGCThread "G1 Main Marker" [stack: 0x000000a230700000,0x000000a230800000] [id=13572]
  0x000001e07fa03800 ConcurrentGCThread "G1 Marker#0" [stack: 0x000000a230800000,0x000000a230900000] [id=15592]
  0x000001e07f999800 ConcurrentGCThread "G1 Refine#0" [stack: 0x000000a230500000,0x000000a230600000] [id=17944]
  0x000001e07f995000 ConcurrentGCThread "G1 Refine#1" [stack: 0x000000a230400000,0x000000a230500000] [id=1908]
  0x000001e07f992000 ConcurrentGCThread "G1 Refine#2" [stack: 0x000000a230300000,0x000000a230400000] [id=6872]
  0x000001e07f986000 ConcurrentGCThread "G1 Refine#3" [stack: 0x000000a230200000,0x000000a230300000] [id=4004]
  0x000001e07f99c800 ConcurrentGCThread "G1 Young RemSet Sampling" [stack: 0x000000a230600000,0x000000a230700000] [id=17008]

Threads with active compile tasks:

VM state:not at safepoint (normal execution)

VM Mutex/Monitor currently owned by a thread: None

Heap address: 0x0000000082c00000, size: 2004 MB, Compressed Oops mode: 32-bit
Narrow klass base: 0x0000000000000000, Narrow klass shift: 3
Compressed class space size: 1073741824 Address: 0x0000000100000000

Heap:
 garbage-first heap   total 129024K, used 36614K [0x0000000082c00000, 0x0000000082d003f0, 0x0000000100000000)
  region size 1024K, 31 young (31744K), 3 survivors (3072K)
 Metaspace       used 20992K, capacity 21930K, committed 22192K, reserved 1069056K
  class space    used 2513K, capacity 2725K, committed 2816K, reserved 1048576K
Heap Regions: E=young(eden), S=young(survivor), O=old, HS=humongous(starts), HC=humongous(continues), CS=collection set, F=free, A=archive, TS=gc time stamp, AC=allocation context, TAMS=top-at-mark-start (previous, next)
|   0|0x0000000082c00000, 0x0000000082d00000, 0x0000000082d00000|100%| O|  |TS  0|AC  0|TAMS 0x0000000082d00000, 0x0000000082d00000|
|   1|0x0000000082d00000, 0x0000000082e00000, 0x0000000082e00000|100%| O|  |TS  0|AC  0|TAMS 0x0000000082e00000, 0x0000000082e00000|
|   2|0x0000000082e00000, 0x0000000082f00000, 0x0000000082f00000|100%|HS|  |TS  0|AC  0|TAMS 0x0000000082f00000, 0x0000000082f00000|
|   3|0x0000000082f00000, 0x0000000083000000, 0x0000000083000000|100%|HC|  |TS  0|AC  0|TAMS 0x0000000083000000, 0x0000000083000000|
|   4|0x0000000083000000, 0x0000000083100000, 0x0000000083100000|100%| O|  |TS  0|AC  0|TAMS 0x0000000083100000, 0x0000000083100000|
|   5|0x0000000083100000, 0x0000000083100000, 0x0000000083200000|  0%| F|  |TS  0|AC  0|TAMS 0x0000000083100000, 0x0000000083100000|
|   6|0x0000000083200000, 0x0000000083300000, 0x0000000083300000|100%| O|  |TS  0|AC  0|TAMS 0x0000000083300000, 0x0000000083300000|
|   7|0x0000000083300000, 0x0000000083300000, 0x0000000083400000|  0%| F|  |TS  0|AC  0|TAMS 0x0000000083300000, 0x0000000083300000|
|   8|0x0000000083400000, 0x0000000083400000, 0x0000000083500000|  0%| F|  |TS  0|AC  0|TAMS 0x0000000083400000, 0x0000000083400000|
|   9|0x0000000083500000, 0x0000000083500000, 0x0000000083600000|  0%| F|  |TS  0|AC  0|TAMS 0x0000000083500000, 0x0000000083500000|
|  10|0x0000000083600000, 0x0000000083600000, 0x0000000083700000|  0%| F|  |TS  0|AC  0|TAMS 0x0000000083600000, 0x0000000083600000|
|  11|0x0000000083700000, 0x0000000083700000, 0x0000000083800000|  0%| F|  |TS  0|AC  0|TAMS 0x0000000083700000, 0x0000000083700000|
|  12|0x0000000083800000, 0x0000000083800000, 0x0000000083900000|  0%| F|  |TS  0|AC  0|TAMS 0x0000000083800000, 0x0000000083800000|
|  13|0x0000000083900000, 0x0000000083900000, 0x0000000083a00000|  0%| F|  |TS  0|AC  0|TAMS 0x0000000083900000, 0x0000000083900000|
|  14|0x0000000083a00000, 0x0000000083a00000, 0x0000000083b00000|  0%| F|  |TS  0|AC  0|TAMS 0x0000000083a00000, 0x0000000083a00000|
|  15|0x0000000083b00000, 0x0000000083b00000, 0x0000000083c00000|  0%| F|  |TS  0|AC  0|TAMS 0x0000000083b00000, 0x0000000083b00000|
|  16|0x0000000083c00000, 0x0000000083c00000, 0x0000000083d00000|  0%| F|  |TS  0|AC  0|TAMS 0x0000000083c00000, 0x0000000083c00000|
|  17|0x0000000083d00000, 0x0000000083d00000, 0x0000000083e00000|  0%| F|  |TS  0|AC  0|TAMS 0x0000000083d00000, 0x0000000083d00000|
|  18|0x0000000083e00000, 0x0000000083e00000, 0x0000000083f00000|  0%| F|  |TS  0|AC  0|TAMS 0x0000000083e00000, 0x0000000083e00000|
|  19|0x0000000083f00000, 0x0000000083f00000, 0x0000000084000000|  0%| F|  |TS  0|AC  0|TAMS 0x0000000083f00000, 0x0000000083f00000|
|  20|0x0000000084000000, 0x0000000084000000, 0x0000000084100000|  0%| F|  |TS  0|AC  0|TAMS 0x0000000084000000, 0x0000000084000000|
|  21|0x0000000084100000, 0x0000000084100000, 0x0000000084200000|  0%| F|  |TS  0|AC  0|TAMS 0x0000000084100000, 0x0000000084100000|
|  22|0x0000000084200000, 0x0000000084200000, 0x0000000084300000|  0%| F|  |TS  0|AC  0|TAMS 0x0000000084200000, 0x0000000084200000|
|  23|0x0000000084300000, 0x0000000084300000, 0x0000000084400000|  0%| F|  |TS  0|AC  0|TAMS 0x0000000084300000, 0x0000000084300000|
|  24|0x0000000084400000, 0x0000000084400000, 0x0000000084500000|  0%| F|  |TS  0|AC  0|TAMS 0x0000000084400000, 0x0000000084400000|
|  25|0x0000000084500000, 0x0000000084500000, 0x0000000084600000|  0%| F|  |TS  0|AC  0|TAMS 0x0000000084500000, 0x0000000084500000|
|  26|0x0000000084600000, 0x0000000084600000, 0x0000000084700000|  0%| F|  |TS  0|AC  0|TAMS 0x0000000084600000, 0x0000000084600000|
|  27|0x0000000084700000, 0x0000000084700000, 0x0000000084800000|  0%| F|  |TS  0|AC  0|TAMS 0x0000000084700000, 0x0000000084700000|
|  28|0x0000000084800000, 0x0000000084800000, 0x0000000084900000|  0%| F|  |TS  0|AC  0|TAMS 0x0000000084800000, 0x0000000084800000|
|  29|0x0000000084900000, 0x0000000084900000, 0x0000000084a00000|  0%| F|  |TS  0|AC  0|TAMS 0x0000000084900000, 0x0000000084900000|
|  30|0x0000000084a00000, 0x0000000084a00000, 0x0000000084b00000|  0%| F|  |TS  0|AC  0|TAMS 0x0000000084a00000, 0x0000000084a00000|
|  31|0x0000000084b00000, 0x0000000084b00000, 0x0000000084c00000|  0%| F|  |TS  0|AC  0|TAMS 0x0000000084b00000, 0x0000000084b00000|
|  32|0x0000000084c00000, 0x0000000084c00000, 0x0000000084d00000|  0%| F|  |TS  0|AC  0|TAMS 0x0000000084c00000, 0x0000000084c00000|
|  33|0x0000000084d00000, 0x0000000084d00000, 0x0000000084e00000|  0%| F|  |TS  0|AC  0|TAMS 0x0000000084d00000, 0x0000000084d00000|
|  34|0x0000000084e00000, 0x0000000084e00000, 0x0000000084f00000|  0%| F|  |TS  0|AC  0|TAMS 0x0000000084e00000, 0x0000000084e00000|
|  35|0x0000000084f00000, 0x0000000084f00000, 0x0000000085000000|  0%| F|  |TS  0|AC  0|TAMS 0x0000000084f00000, 0x0000000084f00000|
|  36|0x0000000085000000, 0x0000000085000000, 0x0000000085100000|  0%| F|  |TS  0|AC  0|TAMS 0x0000000085000000, 0x0000000085000000|
|  37|0x0000000085100000, 0x0000000085100000, 0x0000000085200000|  0%| F|  |TS  0|AC  0|TAMS 0x0000000085100000, 0x0000000085100000|
|  38|0x0000000085200000, 0x0000000085200000, 0x0000000085300000|  0%| F|  |TS  0|AC  0|TAMS 0x0000000085200000, 0x0000000085200000|
|  39|0x0000000085300000, 0x0000000085300000, 0x0000000085400000|  0%| F|  |TS  0|AC  0|TAMS 0x0000000085300000, 0x0000000085300000|
|  40|0x0000000085400000, 0x0000000085400000, 0x0000000085500000|  0%| F|  |TS  0|AC  0|TAMS 0x0000000085400000, 0x0000000085400000|
|  41|0x0000000085500000, 0x0000000085500000, 0x0000000085600000|  0%| F|  |TS  0|AC  0|TAMS 0x0000000085500000, 0x0000000085500000|
|  42|0x0000000085600000, 0x0000000085600000, 0x0000000085700000|  0%| F|  |TS  0|AC  0|TAMS 0x0000000085600000, 0x0000000085600000|
|  43|0x0000000085700000, 0x0000000085700000, 0x0000000085800000|  0%| F|  |TS  0|AC  0|TAMS 0x0000000085700000, 0x0000000085700000|
|  44|0x0000000085800000, 0x0000000085800000, 0x0000000085900000|  0%| F|  |TS  0|AC  0|TAMS 0x0000000085800000, 0x0000000085800000|
|  45|0x0000000085900000, 0x0000000085900000, 0x0000000085a00000|  0%| F|  |TS  0|AC  0|TAMS 0x0000000085900000, 0x0000000085900000|
|  46|0x0000000085a00000, 0x0000000085a00000, 0x0000000085b00000|  0%| F|  |TS  0|AC  0|TAMS 0x0000000085a00000, 0x0000000085a00000|
|  47|0x0000000085b00000, 0x0000000085b00000, 0x0000000085c00000|  0%| F|  |TS  0|AC  0|TAMS 0x0000000085b00000, 0x0000000085b00000|
|  48|0x0000000085c00000, 0x0000000085c00000, 0x0000000085d00000|  0%| F|  |TS  0|AC  0|TAMS 0x0000000085c00000, 0x0000000085c00000|
|  49|0x0000000085d00000, 0x0000000085d00000, 0x0000000085e00000|  0%| F|  |TS  0|AC  0|TAMS 0x0000000085d00000, 0x0000000085d00000|
|  50|0x0000000085e00000, 0x0000000085e00000, 0x0000000085f00000|  0%| F|  |TS  0|AC  0|TAMS 0x0000000085e00000, 0x0000000085e00000|
|  51|0x0000000085f00000, 0x0000000085f00000, 0x0000000086000000|  0%| F|  |TS  0|AC  0|TAMS 0x0000000085f00000, 0x0000000085f00000|
|  52|0x0000000086000000, 0x0000000086000000, 0x0000000086100000|  0%| F|  |TS  0|AC  0|TAMS 0x0000000086000000, 0x0000000086000000|
|  53|0x0000000086100000, 0x0000000086100000, 0x0000000086200000|  0%| F|  |TS  0|AC  0|TAMS 0x0000000086100000, 0x0000000086100000|
|  54|0x0000000086200000, 0x0000000086200000, 0x0000000086300000|  0%| F|  |TS  0|AC  0|TAMS 0x0000000086200000, 0x0000000086200000|
|  55|0x0000000086300000, 0x0000000086300000, 0x0000000086400000|  0%| F|  |TS  0|AC  0|TAMS 0x0000000086300000, 0x0000000086300000|
|  56|0x0000000086400000, 0x0000000086400000, 0x0000000086500000|  0%| F|  |TS  0|AC  0|TAMS 0x0000000086400000, 0x0000000086400000|
|  57|0x0000000086500000, 0x0000000086500000, 0x0000000086600000|  0%| F|  |TS  0|AC  0|TAMS 0x0000000086500000, 0x0000000086500000|
|  58|0x0000000086600000, 0x0000000086600000, 0x0000000086700000|  0%| F|  |TS  0|AC  0|TAMS 0x0000000086600000, 0x0000000086600000|
|  59|0x0000000086700000, 0x0000000086700000, 0x0000000086800000|  0%| F|  |TS  0|AC  0|TAMS 0x0000000086700000, 0x0000000086700000|
|  60|0x0000000086800000, 0x0000000086800000, 0x0000000086900000|  0%| F|  |TS  0|AC  0|TAMS 0x0000000086800000, 0x0000000086800000|
|  61|0x0000000086900000, 0x0000000086900000, 0x0000000086a00000|  0%| F|  |TS  0|AC  0|TAMS 0x0000000086900000, 0x0000000086900000|
|  62|0x0000000086a00000, 0x0000000086a00000, 0x0000000086b00000|  0%| F|  |TS  0|AC  0|TAMS 0x0000000086a00000, 0x0000000086a00000|
|  63|0x0000000086b00000, 0x0000000086b00000, 0x0000000086c00000|  0%| F|  |TS  0|AC  0|TAMS 0x0000000086b00000, 0x0000000086b00000|
|  64|0x0000000086c00000, 0x0000000086c00000, 0x0000000086d00000|  0%| F|  |TS  0|AC  0|TAMS 0x0000000086c00000, 0x0000000086c00000|
|  65|0x0000000086d00000, 0x0000000086d00000, 0x0000000086e00000|  0%| F|  |TS  0|AC  0|TAMS 0x0000000086d00000, 0x0000000086d00000|
|  66|0x0000000086e00000, 0x0000000086e00000, 0x0000000086f00000|  0%| F|  |TS  0|AC  0|TAMS 0x0000000086e00000, 0x0000000086e00000|
|  67|0x0000000086f00000, 0x0000000086f00000, 0x0000000087000000|  0%| F|  |TS  0|AC  0|TAMS 0x0000000086f00000, 0x0000000086f00000|
|  68|0x0000000087000000, 0x0000000087000000, 0x0000000087100000|  0%| F|  |TS  0|AC  0|TAMS 0x0000000087000000, 0x0000000087000000|
|  69|0x0000000087100000, 0x0000000087100000, 0x0000000087200000|  0%| F|  |TS  0|AC  0|TAMS 0x0000000087100000, 0x0000000087100000|
|  70|0x0000000087200000, 0x0000000087200000, 0x0000000087300000|  0%| F|  |TS  0|AC  0|TAMS 0x0000000087200000, 0x0000000087200000|
|  71|0x0000000087300000, 0x0000000087300000, 0x0000000087400000|  0%| F|  |TS  0|AC  0|TAMS 0x0000000087300000, 0x0000000087300000|
|  72|0x0000000087400000, 0x0000000087400000, 0x0000000087500000|  0%| F|  |TS  0|AC  0|TAMS 0x0000000087400000, 0x0000000087400000|
|  73|0x0000000087500000, 0x0000000087500000, 0x0000000087600000|  0%| F|  |TS  0|AC  0|TAMS 0x0000000087500000, 0x0000000087500000|
|  74|0x0000000087600000, 0x0000000087600000, 0x0000000087700000|  0%| F|  |TS  0|AC  0|TAMS 0x0000000087600000, 0x0000000087600000|
|  75|0x0000000087700000, 0x0000000087700000, 0x0000000087800000|  0%| F|  |TS  0|AC  0|TAMS 0x0000000087700000, 0x0000000087700000|
|  76|0x0000000087800000, 0x0000000087800000, 0x0000000087900000|  0%| F|  |TS  0|AC  0|TAMS 0x0000000087800000, 0x0000000087800000|
|  77|0x0000000087900000, 0x0000000087900000, 0x0000000087a00000|  0%| F|  |TS  0|AC  0|TAMS 0x0000000087900000, 0x0000000087900000|
|  78|0x0000000087a00000, 0x0000000087a00000, 0x0000000087b00000|  0%| F|  |TS  0|AC  0|TAMS 0x0000000087a00000, 0x0000000087a00000|
|  79|0x0000000087b00000, 0x0000000087b00000, 0x0000000087c00000|  0%| F|  |TS  0|AC  0|TAMS 0x0000000087b00000, 0x0000000087b00000|
|  80|0x0000000087c00000, 0x0000000087c00000, 0x0000000087d00000|  0%| F|  |TS  0|AC  0|TAMS 0x0000000087c00000, 0x0000000087c00000|
|  81|0x0000000087d00000, 0x0000000087d00000, 0x0000000087e00000|  0%| F|  |TS  0|AC  0|TAMS 0x0000000087d00000, 0x0000000087d00000|
|  82|0x0000000087e00000, 0x0000000087e00000, 0x0000000087f00000|  0%| F|  |TS  0|AC  0|TAMS 0x0000000087e00000, 0x0000000087e00000|
|  83|0x0000000087f00000, 0x0000000087f00000, 0x0000000088000000|  0%| F|  |TS  0|AC  0|TAMS 0x0000000087f00000, 0x0000000087f00000|
|  84|0x0000000088000000, 0x0000000088000000, 0x0000000088100000|  0%| F|  |TS  0|AC  0|TAMS 0x0000000088000000, 0x0000000088000000|
|  85|0x0000000088100000, 0x0000000088100000, 0x0000000088200000|  0%| F|  |TS  0|AC  0|TAMS 0x0000000088100000, 0x0000000088100000|
|  86|0x0000000088200000, 0x0000000088200000, 0x0000000088300000|  0%| F|  |TS  0|AC  0|TAMS 0x0000000088200000, 0x0000000088200000|
|  87|0x0000000088300000, 0x0000000088300000, 0x0000000088400000|  0%| F|  |TS  0|AC  0|TAMS 0x0000000088300000, 0x0000000088300000|
|  88|0x0000000088400000, 0x0000000088400000, 0x0000000088500000|  0%| F|  |TS  0|AC  0|TAMS 0x0000000088400000, 0x0000000088400000|
|  89|0x0000000088500000, 0x0000000088500000, 0x0000000088600000|  0%| F|  |TS  0|AC  0|TAMS 0x0000000088500000, 0x0000000088500000|
|  90|0x0000000088600000, 0x0000000088600000, 0x0000000088700000|  0%| F|  |TS  0|AC  0|TAMS 0x0000000088600000, 0x0000000088600000|
|  91|0x0000000088700000, 0x0000000088700000, 0x0000000088800000|  0%| F|  |TS  0|AC  0|TAMS 0x0000000088700000, 0x0000000088700000|
|  92|0x0000000088800000, 0x0000000088800000, 0x0000000088900000|  0%| F|  |TS  0|AC  0|TAMS 0x0000000088800000, 0x0000000088800000|
|  93|0x0000000088900000, 0x0000000088900000, 0x0000000088a00000|  0%| F|  |TS  0|AC  0|TAMS 0x0000000088900000, 0x0000000088900000|
|  94|0x0000000088a00000, 0x0000000088a00000, 0x0000000088b00000|  0%| F|  |TS  0|AC  0|TAMS 0x0000000088a00000, 0x0000000088a00000|
|  95|0x0000000088b00000, 0x0000000088be6e90, 0x0000000088c00000| 90%| E|  |TS  0|AC  0|TAMS 0x0000000088b00000, 0x0000000088b00000|
|  96|0x0000000088c00000, 0x0000000088d00000, 0x0000000088d00000|100%| E|CS|TS  0|AC  0|TAMS 0x0000000088c00000, 0x0000000088c00000|
|  97|0x0000000088d00000, 0x0000000088e00000, 0x0000000088e00000|100%| E|CS|TS  0|AC  0|TAMS 0x0000000088d00000, 0x0000000088d00000|
|  98|0x0000000088e00000, 0x0000000088f00000, 0x0000000088f00000|100%| E|CS|TS  0|AC  0|TAMS 0x0000000088e00000, 0x0000000088e00000|
|  99|0x0000000088f00000, 0x0000000089000000, 0x0000000089000000|100%| E|CS|TS  0|AC  0|TAMS 0x0000000088f00000, 0x0000000088f00000|
| 100|0x0000000089000000, 0x0000000089100000, 0x0000000089100000|100%| E|CS|TS  0|AC  0|TAMS 0x0000000089000000, 0x0000000089000000|
| 101|0x0000000089100000, 0x0000000089200000, 0x0000000089200000|100%| E|CS|TS  0|AC  0|TAMS 0x0000000089100000, 0x0000000089100000|
| 102|0x0000000089200000, 0x0000000089300000, 0x0000000089300000|100%| E|CS|TS  0|AC  0|TAMS 0x0000000089200000, 0x0000000089200000|
| 103|0x0000000089300000, 0x0000000089400000, 0x0000000089400000|100%| E|CS|TS  0|AC  0|TAMS 0x0000000089300000, 0x0000000089300000|
| 104|0x0000000089400000, 0x0000000089500000, 0x0000000089500000|100%| E|CS|TS  0|AC  0|TAMS 0x0000000089400000, 0x0000000089400000|
| 105|0x0000000089500000, 0x0000000089600000, 0x0000000089600000|100%| E|CS|TS  0|AC  0|TAMS 0x0000000089500000, 0x0000000089500000|
| 106|0x0000000089600000, 0x0000000089700000, 0x0000000089700000|100%| E|CS|TS  0|AC  0|TAMS 0x0000000089600000, 0x0000000089600000|
| 107|0x0000000089700000, 0x0000000089800000, 0x0000000089800000|100%| E|CS|TS  0|AC  0|TAMS 0x0000000089700000, 0x0000000089700000|
| 108|0x0000000089800000, 0x0000000089900000, 0x0000000089900000|100%| E|CS|TS  0|AC  0|TAMS 0x0000000089800000, 0x0000000089800000|
| 109|0x0000000089900000, 0x0000000089a00000, 0x0000000089a00000|100%| E|CS|TS  0|AC  0|TAMS 0x0000000089900000, 0x0000000089900000|
| 110|0x0000000089a00000, 0x0000000089b00000, 0x0000000089b00000|100%| E|CS|TS  0|AC  0|TAMS 0x0000000089a00000, 0x0000000089a00000|
| 111|0x0000000089b00000, 0x0000000089c00000, 0x0000000089c00000|100%| E|CS|TS  0|AC  0|TAMS 0x0000000089b00000, 0x0000000089b00000|
| 112|0x0000000089c00000, 0x0000000089d00000, 0x0000000089d00000|100%| E|CS|TS  0|AC  0|TAMS 0x0000000089c00000, 0x0000000089c00000|
| 113|0x0000000089d00000, 0x0000000089e00000, 0x0000000089e00000|100%| E|CS|TS  0|AC  0|TAMS 0x0000000089d00000, 0x0000000089d00000|
| 114|0x0000000089e00000, 0x0000000089f00000, 0x0000000089f00000|100%| E|CS|TS  0|AC  0|TAMS 0x0000000089e00000, 0x0000000089e00000|
| 115|0x0000000089f00000, 0x000000008a000000, 0x000000008a000000|100%| E|CS|TS  0|AC  0|TAMS 0x0000000089f00000, 0x0000000089f00000|
| 116|0x000000008a000000, 0x000000008a100000, 0x000000008a100000|100%| E|CS|TS  0|AC  0|TAMS 0x000000008a000000, 0x000000008a000000|
| 117|0x000000008a100000, 0x000000008a200000, 0x000000008a200000|100%| E|CS|TS  0|AC  0|TAMS 0x000000008a100000, 0x000000008a100000|
| 118|0x000000008a200000, 0x000000008a300000, 0x000000008a300000|100%| E|CS|TS  0|AC  0|TAMS 0x000000008a200000, 0x000000008a200000|
| 119|0x000000008a300000, 0x000000008a3c19d0, 0x000000008a400000| 75%| S|CS|TS  0|AC  0|TAMS 0x000000008a300000, 0x000000008a300000|
| 120|0x000000008a400000, 0x000000008a500000, 0x000000008a500000|100%| S|CS|TS  0|AC  0|TAMS 0x000000008a400000, 0x000000008a400000|
| 121|0x000000008a500000, 0x000000008a600000, 0x000000008a600000|100%| S|CS|TS  0|AC  0|TAMS 0x000000008a500000, 0x000000008a500000|
| 122|0x000000008a600000, 0x000000008a700000, 0x000000008a700000|100%| E|CS|TS  0|AC  0|TAMS 0x000000008a600000, 0x000000008a600000|
| 123|0x000000008a700000, 0x000000008a800000, 0x000000008a800000|100%| E|CS|TS  0|AC  0|TAMS 0x000000008a700000, 0x000000008a700000|
| 124|0x000000008a800000, 0x000000008a900000, 0x000000008a900000|100%| E|CS|TS  0|AC  0|TAMS 0x000000008a800000, 0x000000008a800000|
| 125|0x000000008a900000, 0x000000008aa00000, 0x000000008aa00000|100%| E|CS|TS  0|AC  0|TAMS 0x000000008a900000, 0x000000008a900000|

Card table byte_map: [0x000001e017c60000,0x000001e018050000] byte_map_base: 0x000001e01784a000

Marking Bits (Prev, Next): (CMBitMap*) 0x000001e07fa01aa8, (CMBitMap*) 0x000001e07fa01a70
 Prev Bits: [0x000001e01a390000, 0x000001e01c2e0000)
 Next Bits: [0x000001e018440000, 0x000001e01a390000)

Polling page: 0x000001e07fa70000

CodeHeap 'non-profiled nmethods': size=120064Kb used=884Kb max_used=884Kb free=119179Kb
 bounds [0x000001e00fa10000, 0x000001e00fc80000, 0x000001e016f50000]
CodeHeap 'profiled nmethods': size=120000Kb used=3513Kb max_used=3513Kb free=116486Kb
 bounds [0x000001e0084e0000, 0x000001e008850000, 0x000001e00fa10000]
CodeHeap 'non-nmethods': size=5696Kb used=1336Kb max_used=1359Kb free=4359Kb
 bounds [0x000001e007f50000, 0x000001e0081c0000, 0x000001e0084e0000]
 total_blobs=2818 nmethods=1796 adapters=466
 compilation: enabled

Compilation events (10 events):
Event: 5835.352 Thread 0x000001e01f125800 1793       3       java.lang.invoke.MethodType::changeReturnType (20 bytes)
Event: 5835.415 Thread 0x000001e01f125800 nmethod 1793 0x000001e00884cc90 code [0x000001e00884ce40, 0x000001e00884d0b0]
Event: 5838.467 Thread 0x000001e01f125800 1794       1       java.lang.invoke.StringConcatFactory$RecipeElement::getTag (5 bytes)
Event: 5838.484 Thread 0x000001e01f125800 nmethod 1794 0x000001e00faecd90 code [0x000001e00faecf40, 0x000001e00faed058]
Event: 6177.146 Thread 0x000001e01f125800 1795       3       jdk.internal.org.objectweb.asm.AnnotationWriter::put (109 bytes)
Event: 6177.314 Thread 0x000001e01f125800 nmethod 1795 0x000001e00884d190 code [0x000001e00884d3a0, 0x000001e00884d8a0]
Event: 6251.465 Thread 0x000001e01f125800 1796   !   3       jdk.internal.ref.PhantomCleanable::isListEmpty (34 bytes)
Event: 6251.465 Thread 0x000001e01f125800 nmethod 1796 0x000001e00884db10 code [0x000001e00884dcc0, 0x000001e00884e018]
Event: 6251.465 Thread 0x000001e01f125800 1797       3       jdk.internal.misc.InnocuousThread::eraseThreadLocals (23 bytes)
Event: 6251.465 Thread 0x000001e01f125800 nmethod 1797 0x000001e00884e110 code [0x000001e00884e2c0, 0x000001e00884e518]

GC Heap History (8 events):
Event: 0.377 GC heap before
{Heap before GC invocations=0 (full 0):
 garbage-first heap   total 129024K, used 18432K [0x0000000082c00000, 0x0000000082d003f0, 0x0000000100000000)
  region size 1024K, 14 young (14336K), 0 survivors (0K)
 Metaspace       used 11480K, capacity 11802K, committed 12032K, reserved 1060864K
  class space    used 1321K, capacity 1425K, committed 1536K, reserved 1048576K
}
Event: 0.382 GC heap after
{Heap after GC invocations=1 (full 0):
 garbage-first heap   total 129024K, used 6821K [0x0000000082c00000, 0x0000000082d003f0, 0x0000000100000000)
  region size 1024K, 2 young (2048K), 2 survivors (2048K)
 Metaspace       used 11480K, capacity 11802K, committed 12032K, reserved 1060864K
  class space    used 1321K, capacity 1425K, committed 1536K, reserved 1048576K
}
Event: 0.629 GC heap before
{Heap before GC invocations=1 (full 0):
 garbage-first heap   total 129024K, used 19109K [0x0000000082c00000, 0x0000000082d003f0, 0x0000000100000000)
  region size 1024K, 14 young (14336K), 2 survivors (2048K)
 Metaspace       used 16351K, capacity 16988K, committed 17280K, reserved 1064960K
  class space    used 1962K, capacity 2096K, committed 2176K, reserved 1048576K
}
Event: 0.635 GC heap after
{Heap after GC invocations=2 (full 0):
 garbage-first heap   total 129024K, used 10193K [0x0000000082c00000, 0x0000000082d003f0, 0x0000000100000000)
  region size 1024K, 2 young (2048K), 2 survivors (2048K)
 Metaspace       used 16351K, capacity 16988K, committed 17280K, reserved 1064960K
  class space    used 1962K, capacity 2096K, committed 2176K, reserved 1048576K
}
Event: 10.493 GC heap before
{Heap before GC invocations=2 (full 0):
 garbage-first heap   total 129024K, used 34769K [0x0000000082c00000, 0x0000000082d003f0, 0x0000000100000000)
  region size 1024K, 26 young (26624K), 2 survivors (2048K)
 Metaspace       used 18922K, capacity 19712K, committed 19968K, reserved 1067008K
  class space    used 2296K, capacity 2486K, committed 2560K, reserved 1048576K
}
Event: 10.497 GC heap after
{Heap after GC invocations=3 (full 0):
 garbage-first heap   total 129024K, used 11397K [0x0000000082c00000, 0x0000000082d003f0, 0x0000000100000000)
  region size 1024K, 4 young (4096K), 4 survivors (4096K)
 Metaspace       used 18922K, capacity 19712K, committed 19968K, reserved 1067008K
  class space    used 2296K, capacity 2486K, committed 2560K, reserved 1048576K
}
Event: 10.574 GC heap before
{Heap before GC invocations=3 (full 0):
 garbage-first heap   total 129024K, used 14469K [0x0000000082c00000, 0x0000000082d003f0, 0x0000000100000000)
  region size 1024K, 8 young (8192K), 4 survivors (4096K)
 Metaspace       used 20270K, capacity 21172K, committed 21296K, reserved 1069056K
  class space    used 2426K, capacity 2634K, committed 2688K, reserved 1048576K
}
Event: 10.576 GC heap after
{Heap after GC invocations=4 (full 0):
 garbage-first heap   total 129024K, used 10967K [0x0000000082c00000, 0x0000000082d003f0, 0x0000000100000000)
  region size 1024K, 3 young (3072K), 3 survivors (3072K)
 Metaspace       used 20270K, capacity 21172K, committed 21296K, reserved 1069056K
  class space    used 2426K, capacity 2634K, committed 2688K, reserved 1048576K
}

Deoptimization events (10 events):
Event: 10.605 Thread 0x000001e01f979800 Uncommon trap: reason=class_check action=make_not_entrant pc=0x000001e00fab3f94 method=java.util.ArrayList.toArray([Ljava/lang/Object;)[Ljava/lang/Object; @ 21 c2
Event: 10.605 Thread 0x000001e01f979800 Uncommon trap: reason=intrinsic_or_type_checked_inlining action=make_not_entrant pc=0x000001e00faa4954 method=java.util.Arrays.copyOf([Ljava/lang/Object;ILjava/lang/Class;)[Ljava/lang/Object; @ 36 c2
Event: 11.629 Thread 0x000001e01f97b800 Uncommon trap: reason=unstable_if action=reinterpret pc=0x000001e00fabda04 method=java.util.zip.ZipInputStream.getNextEntry()Ljava/util/zip/ZipEntry; @ 8 c2
Event: 11.630 Thread 0x000001e01f97b800 Uncommon trap: reason=unstable_if action=reinterpret pc=0x000001e00fa9a48c method=java.util.zip.ZipInputStream.read([BII)I @ 38 c2
Event: 11.630 Thread 0x000001e01f97b800 Uncommon trap: reason=unstable_if action=reinterpret pc=0x000001e00fa9bd4c method=java.util.zip.ZipInputStream.read([BII)I @ 38 c2
Event: 11.630 Thread 0x000001e01f97b800 Uncommon trap: reason=unstable_if action=reinterpret pc=0x000001e00fabfac0 method=java.util.jar.JarInputStream.getNextEntry()Ljava/util/zip/ZipEntry; @ 4 c2
Event: 11.630 Thread 0x000001e01f97b800 Uncommon trap: reason=unstable_if action=reinterpret pc=0x000001e00fabfee0 method=java.util.jar.JarInputStream.getNextEntry()Ljava/util/zip/ZipEntry; @ 70 c2
Event: 13.195 Thread 0x000001e01f97b800 Uncommon trap: reason=unstable_if action=reinterpret pc=0x000001e00fac578c method=org.robotframework.javalib.util.AntPathStringMatcher.createPattern(Ljava/lang/String;)Ljava/util/regex/Pattern; @ 23 c2
Event: 13.195 Thread 0x000001e01f97b800 Uncommon trap: reason=class_check action=maybe_recompile pc=0x000001e00fac4578 method=java.util.regex.Matcher.match(II)Z @ 121 c2
Event: 13.196 Thread 0x000001e01f97b800 Uncommon trap: reason=class_check action=maybe_recompile pc=0x000001e00fac4578 method=java.util.regex.Matcher.match(II)Z @ 121 c2

Classes redefined (0 events):
No events

Internal exceptions (10 events):
Event: 10.613 Thread 0x000001e01f979800 Exception <a 'java/lang/UnsatisfiedLinkError'{0x000000008a80d2f8}> (0x000000008a80d2f8) thrown at [t:/workspace/hotspot/src/share/vm/oops/instanceKlass.cpp, line 837]
Event: 10.613 Thread 0x000001e01f979800 Exception <a 'java/lang/UnsatisfiedLinkError'{0x000000008a80d2f8}> (0x000000008a80d2f8) thrown at [t:/workspace/hotspot/src/share/vm/prims/jvm.cpp, line 1314]
Event: 10.613 Thread 0x000001e01f979800 Exception <a 'java/lang/UnsatisfiedLinkError'{0x000000008a80d2f8}> (0x000000008a80d2f8) thrown at [t:/workspace/hotspot/src/share/vm/oops/instanceKlass.cpp, line 837]
Event: 10.613 Thread 0x000001e01f979800 Exception <a 'java/lang/reflect/InvocationTargetException'{0x000000008a80d8d8}> (0x000000008a80d8d8) thrown at [t:/workspace/hotspot/src/share/vm/runtime/reflection.cpp, line 1213]
Event: 10.613 Thread 0x000001e01f979800 Exception <a 'java/lang/reflect/InvocationTargetException'{0x000000008a80e4c0}> (0x000000008a80e4c0) thrown at [t:/workspace/hotspot/src/share/vm/runtime/reflection.cpp, line 1213]
Event: 11.630 Thread 0x000001e01f97b800 Implicit null exception at 0x000001e00fa98d51 to 0x000001e00fa9a465
Event: 11.630 Thread 0x000001e01f97b800 Implicit null exception at 0x000001e00fa9b9d7 to 0x000001e00fa9bd31
Event: 13.196 Thread 0x000001e01f97b800 Exception <a 'java/lang/NoClassDefFoundError'{0x00000000892f6088}: Could not initialize class com.github.rainmanwy.robotframework.sikulilib.keywords.ScreenKeywords> (0x00000000892f6088) thrown at [t:/workspace/hotspot/src/share/vm/oops/instanceKlass.cpp, 
Event: 13.196 Thread 0x000001e01f97b800 Exception <a 'java/lang/reflect/InvocationTargetException'{0x00000000892f6480}> (0x00000000892f6480) thrown at [t:/workspace/hotspot/src/share/vm/runtime/reflection.cpp, line 1213]
Event: 13.196 Thread 0x000001e01f97b800 Exception <a 'java/lang/reflect/InvocationTargetException'{0x00000000892f7068}> (0x00000000892f7068) thrown at [t:/workspace/hotspot/src/share/vm/runtime/reflection.cpp, line 1213]

Events (10 events):
Event: 6255.348 Thread 0x000001e01f461800 Thread added: 0x000001e01f461800
Event: 6256.429 Thread 0x000001e01f461800 Thread exited: 0x000001e01f461800
Event: 6256.429 Executing VM operation: RevokeBias
Event: 6256.429 Executing VM operation: RevokeBias done
Event: 6256.429 Thread 0x000001e01f45a800 Thread exited: 0x000001e01f45a800
Event: 6313.220 Thread 0x000001e01f45d000 Thread added: 0x000001e01f45d000
Event: 6314.261 Executing VM operation: RevokeBias
Event: 6314.261 Executing VM operation: RevokeBias done
Event: 6314.261 Thread 0x000001e01f45d000 Thread exited: 0x000001e01f45d000
Event: 6819.018 Thread 0x000001e01f461800 Thread added: 0x000001e01f461800


Dynamic libraries:
0x00007ff7ffe80000 - 0x00007ff7ffebe000 	C:\ProgramData\Oracle\Java\javapath\java.exe
0x00007ffeb5e10000 - 0x00007ffeb6027000 	C:\WINDOWS\SYSTEM32\ntdll.dll
0x00007ffeb5ce0000 - 0x00007ffeb5da4000 	C:\WINDOWS\System32\KERNEL32.DLL
0x00007ffeb3220000 - 0x00007ffeb35f2000 	C:\WINDOWS\System32\KERNELBASE.dll
0x00007ffeb5780000 - 0x00007ffeb5831000 	C:\WINDOWS\System32\ADVAPI32.dll
0x00007ffeb3aa0000 - 0x00007ffeb3b47000 	C:\WINDOWS\System32\msvcrt.dll
0x00007ffeb5a60000 - 0x00007ffeb5b08000 	C:\WINDOWS\System32\sechost.dll
0x00007ffeb3a70000 - 0x00007ffeb3a98000 	C:\WINDOWS\System32\bcrypt.dll
0x00007ffeb5660000 - 0x00007ffeb5774000 	C:\WINDOWS\System32\RPCRT4.dll
0x00007ffeb4e80000 - 0x00007ffeb5031000 	C:\WINDOWS\System32\USER32.dll
0x00007ffeb2f80000 - 0x00007ffeb2fa6000 	C:\WINDOWS\System32\win32u.dll
0x00007ffeb4b00000 - 0x00007ffeb4b29000 	C:\WINDOWS\System32\GDI32.dll
0x00007ffeb2fb0000 - 0x00007ffeb30d3000 	C:\WINDOWS\System32\gdi32full.dll
0x00007ffeb3890000 - 0x00007ffeb392a000 	C:\WINDOWS\System32\msvcp_win.dll
0x00007ffeb3600000 - 0x00007ffeb3711000 	C:\WINDOWS\System32\ucrtbase.dll
0x00007ffe9ef80000 - 0x00007ffe9f21b000 	C:\WINDOWS\WinSxS\amd64_microsoft.windows.common-controls_6595b64144ccf1df_6.0.22621.5413_none_270da5617387a498\COMCTL32.dll
0x00007ffead740000 - 0x00007ffead74a000 	C:\WINDOWS\SYSTEM32\VERSION.dll
0x00007ffeb4d80000 - 0x00007ffeb4db1000 	C:\WINDOWS\System32\IMM32.DLL
0x00007ffe54f00000 - 0x00007ffe54fef000 	C:\Program Files\Java\jre-9.0.4\bin\msvcr120.dll
0x00007ffe54e50000 - 0x00007ffe54ef6000 	C:\Program Files\Java\jre-9.0.4\bin\msvcp120.dll
0x0000000050ce0000 - 0x0000000051705000 	C:\Program Files\Java\jre-9.0.4\bin\server\jvm.dll
0x00007ffeb5840000 - 0x00007ffeb5848000 	C:\WINDOWS\System32\PSAPI.DLL
0x00007ffe97cd0000 - 0x00007ffe97cd9000 	C:\WINDOWS\SYSTEM32\WSOCK32.dll
0x00007ffe9f3c0000 - 0x00007ffe9f3f4000 	C:\WINDOWS\SYSTEM32\WINMM.dll
0x00007ffeb4d00000 - 0x00007ffeb4d71000 	C:\WINDOWS\System32\WS2_32.dll
0x00007ffe55a60000 - 0x00007ffe55a6f000 	C:\Program Files\Java\jre-9.0.4\bin\verify.dll
0x00007ffe54630000 - 0x00007ffe54657000 	C:\Program Files\Java\jre-9.0.4\bin\java.dll
0x00007ffe54e30000 - 0x00007ffe54e46000 	C:\Program Files\Java\jre-9.0.4\bin\zip.dll
0x00007ffe54e20000 - 0x00007ffe54e2a000 	C:\Program Files\Java\jre-9.0.4\bin\jimage.dll
0x00007ffeb3fe0000 - 0x00007ffeb4882000 	C:\WINDOWS\System32\SHELL32.dll
0x00007ffeb30e0000 - 0x00007ffeb321f000 	C:\WINDOWS\System32\wintypes.dll
0x00007ffeb3c40000 - 0x00007ffeb3fd3000 	C:\WINDOWS\System32\combase.dll
0x00007ffeb0e30000 - 0x00007ffeb174d000 	C:\WINDOWS\SYSTEM32\windows.storage.dll
0x00007ffeb49a0000 - 0x00007ffeb4aab000 	C:\WINDOWS\System32\SHCORE.dll
0x00007ffeb5be0000 - 0x00007ffeb5c49000 	C:\WINDOWS\System32\shlwapi.dll
0x00007ffeb2e30000 - 0x00007ffeb2e5b000 	C:\WINDOWS\SYSTEM32\profapi.dll
0x00007ffe542d0000 - 0x00007ffe542ea000 	C:\Program Files\Java\jre-9.0.4\bin\net.dll
0x00007ffead4d0000 - 0x00007ffead5fc000 	C:\WINDOWS\SYSTEM32\WINHTTP.dll
0x00007ffeb23b0000 - 0x00007ffeb2419000 	C:\WINDOWS\system32\mswsock.dll
0x00007ffe53cb0000 - 0x00007ffe53cc1000 	C:\Program Files\Java\jre-9.0.4\bin\nio.dll
0x00007ffe517e0000 - 0x00007ffe517e9000 	C:\Program Files\Java\jre-9.0.4\bin\management.dll
0x00007ffe51180000 - 0x00007ffe5118a000 	C:\Program Files\Java\jre-9.0.4\bin\management_ext.dll
0x00007ffe920b0000 - 0x00007ffe920c7000 	C:\WINDOWS\system32\napinsp.dll
0x00007ffe92090000 - 0x00007ffe920ab000 	C:\WINDOWS\system32\pnrpnsp.dll
0x00007ffeb1a20000 - 0x00007ffeb1b18000 	C:\WINDOWS\SYSTEM32\DNSAPI.dll
0x00007ffeb19b0000 - 0x00007ffeb19dd000 	C:\WINDOWS\SYSTEM32\IPHLPAPI.DLL
0x00007ffeb4dc0000 - 0x00007ffeb4dc9000 	C:\WINDOWS\System32\NSI.dll
0x00007ffe92070000 - 0x00007ffe92081000 	C:\WINDOWS\System32\winrnr.dll
0x00007ffe92050000 - 0x00007ffe9206f000 	C:\WINDOWS\system32\wshbth.dll
0x00007ffe92020000 - 0x00007ffe92041000 	C:\WINDOWS\system32\nlansp_c.dll
0x00007ffeac3b0000 - 0x00007ffeac3ba000 	C:\Windows\System32\rasadhlp.dll
0x00007ffeac070000 - 0x00007ffeac0f4000 	C:\WINDOWS\System32\fwpuclnt.dll
0x00007ffeb2610000 - 0x00007ffeb262b000 	C:\WINDOWS\SYSTEM32\CRYPTSP.dll
0x00007ffeb1e90000 - 0x00007ffeb1ec7000 	C:\WINDOWS\system32\rsaenh.dll
0x00007ffeb24a0000 - 0x00007ffeb24c8000 	C:\WINDOWS\SYSTEM32\USERENV.dll
0x00007ffeb39f0000 - 0x00007ffeb3a6b000 	C:\WINDOWS\System32\bcryptprimitives.dll
0x00007ffead650000 - 0x00007ffead669000 	C:\WINDOWS\SYSTEM32\dhcpcsvc6.DLL
0x00007ffead360000 - 0x00007ffead37f000 	C:\WINDOWS\SYSTEM32\dhcpcsvc.DLL
0x00007ffe4eb60000 - 0x00007ffe4ecf9000 	C:\Program Files\Java\jre-9.0.4\bin\awt.dll
0x00007ffeb3b50000 - 0x00007ffeb3c27000 	C:\WINDOWS\System32\OLEAUT32.dll
0x00007ffeae650000 - 0x00007ffeaec3e000 	C:\WINDOWS\SYSTEM32\d2d1.dll
0x00007ffeaf920000 - 0x00007ffeaf9b8000 	C:\WINDOWS\SYSTEM32\apphelp.dll
0x00007ffeb07c0000 - 0x00007ffeb07ee000 	C:\WINDOWS\system32\DWMAPI.DLL
0x00007ffeb0550000 - 0x00007ffeb0604000 	C:\WINDOWS\system32\uxtheme.dll
0x00007ffe869a0000 - 0x00007ffe86aa0000 	C:\WINDOWS\system32\opengl32.dll
0x00007ffe86930000 - 0x00007ffe8695d000 	C:\WINDOWS\SYSTEM32\GLU32.dll
0x00007ffeb0660000 - 0x00007ffeb0697000 	C:\WINDOWS\SYSTEM32\dxcore.dll
0x00007ffeb5870000 - 0x00007ffeb59d0000 	C:\WINDOWS\System32\MSCTF.dll
0x00007ffeb54c0000 - 0x00007ffeb5660000 	C:\WINDOWS\System32\ole32.dll
0x00007ffeb1f30000 - 0x00007ffeb1f48000 	C:\WINDOWS\SYSTEM32\kernel.appcore.dll
0x00007ffea2210000 - 0x00007ffea22d1000 	C:\WINDOWS\SYSTEM32\TextShaping.dll
0x00007ffe9f520000 - 0x00007ffe9f752000 	C:\WINDOWS\SYSTEM32\dbghelp.dll

VM Arguments:
java_command: c:\ProgramData\robocorp\ht\b30d6a5_b1f3c24_59f207d3\lib\site-packages\SikuliLibrary\lib\SikuliLibrary.jar 51872 C:\JobcardOpeningIntegrated
java_class_path (initial): c:\ProgramData\robocorp\ht\b30d6a5_b1f3c24_59f207d3\lib\site-packages\SikuliLibrary\lib\SikuliLibrary.jar
Launcher Type: SUN_STANDARD

Logging:
Log output configuration:
#0: stdout all=warning uptime,level,tags
#1: stderr all=off uptime,level,tags

Environment Variables:
PATH=c:\JobcardOpeningIntegrated;c:\ProgramData\robocorp\ht\b30d6a5_b1f3c24_59f207d3;c:\ProgramData\robocorp\ht\b30d6a5_b1f3c24_59f207d3\Library\mingw-w64\bin;c:\ProgramData\robocorp\ht\b30d6a5_b1f3c24_59f207d3\Library\usr\bin;c:\ProgramData\robocorp\ht\b30d6a5_b1f3c24_59f207d3\Library\bin;c:\ProgramData\robocorp\ht\b30d6a5_b1f3c24_59f207d3\Scripts;c:\ProgramData\robocorp\ht\b30d6a5_b1f3c24_59f207d3\bin;C:\ProgramData\Oracle\Java\javapath;C:\Program Files\OpenSSH-Win64;C:\Program Files\Common Files\Oracle\Java\javapath;C:\WINDOWS\system32;C:\WINDOWS;C:\WINDOWS\System32\Wbem;C:\WINDOWS\System32\WindowsPowerShell\v1.0;C:\WINDOWS\System32\OpenSSH;C:\Program Files\Git\cmd;C:\Users\popular\AppData\Local\Microsoft\WindowsApps;C:\Users\popular\AppData\Local\Programs\Microsoft VS Code\bin;C:\Program Files\JetBrains\PyCharm Community Edition 2024.1.4\bin;c:\JobcardOpeningIntegrated
USERNAME=popular
OS=Windows_NT
PROCESSOR_IDENTIFIER=Intel64 Family 6 Model 158 Stepping 11, GenuineIntel



---------------  S Y S T E M  ---------------

OS: Windows 10 , 64 bit Build 22621 (10.0.22621.5413)

CPU:total 4 (initial active 4) (4 cores per cpu, 1 threads per core) family 6 model 158 stepping 11, cmov, cx8, fxsr, mmx, sse, sse2, sse3, ssse3, sse4.1, sse4.2, popcnt, avx, avx2, aes, clmul, erms, 3dnowpref, lzcnt, tsc, tscinvbit, bmi1, bmi2, adx, fma

Memory: 4k page, physical 8200792k(932368k free), swap 33366616k(27232k free)

vm_info: Java HotSpot(TM) 64-Bit Server VM (9.0.4+11) for windows-amd64 JRE (9.0.4+11), built on Dec 20 2017 02:18:54 by "mach5one" with MS VC++ 12.0 (VS2013)

END.
