#
# There is insufficient memory for the Java Runtime Environment to continue.
# Native memory allocation (malloc) failed to allocate 32744 bytes for ChunkPool::allocate
# Possible reasons:
#   The system is out of physical RAM or swap space
#   The process is running with CompressedOops enabled, and the Java Heap may be blocking the growth of the native heap
# Possible solutions:
#   Reduce memory load on the system
#   Increase physical memory or swap space
#   Check if swap backing store is full
#   Decrease Java heap size (-Xmx/-Xms)
#   Decrease number of Java threads
#   Decrease Java thread stack sizes (-Xss)
#   Set larger code cache with -XX:ReservedCodeCacheSize=
#   JVM is running with Unscaled Compressed Oops mode in which the Java heap is
#     placed in the first 4GB address space. The Java Heap base address is the
#     maximum limit for the native heap growth. Please use -XX:HeapBaseMinAddress
#     to set the Java Heap base and to place the Java Heap above 4GB virtual address.
# This output file may be truncated or incomplete.
#
#  Out of Memory Error (t:/workspace/hotspot/src/share/vm/memory/allocation.cpp:256), pid=36376, tid=35880
#
# JRE version: Java(TM) SE Runtime Environment (9.0+11) (build 9.0.4+11)
# Java VM: Java HotSpot(TM) 64-Bit Server VM (9.0.4+11, mixed mode, tiered, compressed oops, g1 gc, windows-amd64)
# No core dump will be written. Minidumps are not enabled by default on client versions of Windows
#

---------------  S U M M A R Y ------------

Command Line: c:\ProgramData\robocorp\ht\b30d6a5_b1f3c24_59f207d3\lib\site-packages\SikuliLibrary\lib\SikuliLibrary.jar 51986 C:\JobcardOpeningIntegrated

Host: Intel(R) Core(TM) i3-8100 CPU @ 3.60GHz, 4 cores, 7G,  Windows 10 , 64 bit Build 22621 (10.0.22621.5413)
Time: Fri May 30 16:10:02 2025 India Standard Time elapsed time: 0 seconds (0d 0h 0m 0s)

---------------  T H R E A D  ---------------

Current thread (0x000001e01eea1000):  JavaThread "C2 CompilerThread0" daemon [_thread_in_native, id=35880, stack(0x0000005c59700000,0x0000005c59800000)]


Current CompileTask:
C2:    624 1231       4       jdk.internal.org.objectweb.asm.Frame::execute (2252 bytes)

Stack: [0x0000005c59700000,0x0000005c59800000]
Native frames: (J=compiled Java code, j=interpreted, Vv=VM code, C=native code)
V  [jvm.dll+0x587068]

[error occurred during error reporting (printing native stack), id 0xe0000001]


---------------  P R O C E S S  ---------------

Java Threads: ( => current thread )
  0x000001e020857800 JavaThread "qtp1125964210-20" [_thread_blocked, id=36104, stack(0x0000005c5a500000,0x0000005c5a600000)]
  0x000001e020857000 JavaThread "qtp1125964210-19" [_thread_blocked, id=9636, stack(0x0000005c5a400000,0x0000005c5a500000)]
  0x000001e01f986800 JavaThread "qtp1125964210-18" [_thread_blocked, id=33568, stack(0x0000005c5a300000,0x0000005c5a400000)]
  0x000001e01f985800 JavaThread "qtp1125964210-17" [_thread_blocked, id=35404, stack(0x0000005c5a200000,0x0000005c5a300000)]
  0x000001e01f9b3000 JavaThread "qtp1125964210-16" [_thread_blocked, id=36144, stack(0x0000005c5a100000,0x0000005c5a200000)]
  0x000001e01fca8000 JavaThread "qtp1125964210-15" [_thread_blocked, id=35000, stack(0x0000005c5a000000,0x0000005c5a100000)]
  0x000001e01f96c800 JavaThread "qtp1125964210-14" [_thread_blocked, id=13104, stack(0x0000005c59f00000,0x0000005c5a000000)]
  0x000001e01f735800 JavaThread "qtp1125964210-13" [_thread_blocked, id=10412, stack(0x0000005c59e00000,0x0000005c59f00000)]
  0x000001e01f1b7800 JavaThread "Service Thread" daemon [_thread_blocked, id=34604, stack(0x0000005c59c00000,0x0000005c59d00000)]
  0x000001e01f0c0800 JavaThread "Common-Cleaner" daemon [_thread_blocked, id=35576, stack(0x0000005c59b00000,0x0000005c59c00000)]
  0x000001e01eeac800 JavaThread "Sweeper thread" daemon [_thread_blocked, id=32892, stack(0x0000005c59a00000,0x0000005c59b00000)]
  0x000001e01eeab800 JavaThread "C1 CompilerThread2" daemon [_thread_blocked, id=23088, stack(0x0000005c59900000,0x0000005c59a00000)]
  0x000001e01eea7000 JavaThread "C2 CompilerThread1" daemon [_thread_blocked, id=35528, stack(0x0000005c59800000,0x0000005c59900000)]
=>0x000001e01eea1000 JavaThread "C2 CompilerThread0" daemon [_thread_in_native, id=35880, stack(0x0000005c59700000,0x0000005c59800000)]
  0x000001e01ee96000 JavaThread "Attach Listener" daemon [_thread_blocked, id=26520, stack(0x0000005c59600000,0x0000005c59700000)]
  0x000001e01ee95000 JavaThread "Signal Dispatcher" daemon [_thread_blocked, id=34624, stack(0x0000005c59500000,0x0000005c59600000)]
  0x000001e01ee80000 JavaThread "Finalizer" daemon [_thread_blocked, id=36496, stack(0x0000005c59400000,0x0000005c59500000)]
  0x000001e01ee4b800 JavaThread "Reference Handler" daemon [_thread_blocked, id=33624, stack(0x0000005c59300000,0x0000005c59400000)]
  0x000001e07f641800 JavaThread "main" [_thread_blocked, id=33936, stack(0x0000005c58600000,0x0000005c58700000)]

Other Threads:
  0x000001e01ee76800 VMThread "VM Thread" [stack: 0x0000005c59200000,0x0000005c59300000] [id=36060]
  0x000001e01f1bc000 WatcherThread [stack: 0x0000005c59d00000,0x0000005c59e00000] [id=19912]
  0x000001e07f65c000 GCTaskThread "GC Thread#0" [stack: 0x0000005c58700000,0x0000005c58800000] [id=34656]
  0x000001e07f65f000 GCTaskThread "GC Thread#1" [stack: 0x0000005c58800000,0x0000005c58900000] [id=31632]
  0x000001e07f661000 GCTaskThread "GC Thread#2" [stack: 0x0000005c58900000,0x0000005c58a00000] [id=22788]
  0x000001e07f663800 GCTaskThread "GC Thread#3" [stack: 0x0000005c58a00000,0x0000005c58b00000] [id=36576]
  0x000001e07f6dc800 ConcurrentGCThread "G1 Main Marker" [stack: 0x0000005c59000000,0x0000005c59100000] [id=31072]
  0x000001e07f6dd800 ConcurrentGCThread "G1 Marker#0" [stack: 0x0000005c59100000,0x0000005c59200000] [id=22904]
  0x000001e07f670000 ConcurrentGCThread "G1 Refine#0" [stack: 0x0000005c58e00000,0x0000005c58f00000] [id=36284]
  0x000001e07f66e800 ConcurrentGCThread "G1 Refine#1" [stack: 0x0000005c58d00000,0x0000005c58e00000] [id=35980]
  0x000001e07f66d000 ConcurrentGCThread "G1 Refine#2" [stack: 0x0000005c58c00000,0x0000005c58d00000] [id=34812]
  0x000001e07f666000 ConcurrentGCThread "G1 Refine#3" [stack: 0x0000005c58b00000,0x0000005c58c00000] [id=36668]
  0x000001e07f675000 ConcurrentGCThread "G1 Young RemSet Sampling" [stack: 0x0000005c58f00000,0x0000005c59000000] [id=6272]

Threads with active compile tasks:
C2 CompilerThread01231       4       jdk.internal.org.objectweb.asm.Frame::execute (2252 bytes)

VM state:at safepoint (normal execution)

VM Mutex/Monitor currently owned by a thread:  ([mutex/lock_event])
[0x000001e07f640f00] Threads_lock - owner thread: 0x000001e01ee76800
[0x000001e07f63f6d0] Heap_lock - owner thread: 0x000001e07f641800

Heap address: 0x0000000082c00000, size: 2004 MB, Compressed Oops mode: 32-bit
Narrow klass base: 0x0000000000000000, Narrow klass shift: 3
Compressed class space size: 1073741824 Address: 0x0000000100000000

Heap:
 garbage-first heap   total 129024K, used 10154K [0x0000000082c00000, 0x0000000082d003f0, 0x0000000100000000)
  region size 1024K, 2 young (2048K), 2 survivors (2048K)
 Metaspace       used 16331K, capacity 16928K, committed 17024K, reserved 1073152K
  class space    used 1961K, capacity 2096K, committed 2176K, reserved 1048576K
Heap Regions: E=young(eden), S=young(survivor), O=old, HS=humongous(starts), HC=humongous(continues), CS=collection set, F=free, A=archive, TS=gc time stamp, AC=allocation context, TAMS=top-at-mark-start (previous, next)
|   0|0x0000000082c00000, 0x0000000082d00000, 0x0000000082d00000|100%| O|  |TS  3|AC  0|TAMS 0x0000000082c00000, 0x0000000082d00000|
|   1|0x0000000082d00000, 0x0000000082e00000, 0x0000000082e00000|100%| O|  |TS  3|AC  0|TAMS 0x0000000082d00000, 0x0000000082e00000|
|   2|0x0000000082e00000, 0x0000000082f00000, 0x0000000082f00000|100%|HS|  |TS  0|AC  0|TAMS 0x0000000082e00000, 0x0000000082f00000|
|   3|0x0000000082f00000, 0x0000000083000000, 0x0000000083000000|100%|HC|  |TS  0|AC  0|TAMS 0x0000000082f00000, 0x0000000083000000|
|   4|0x0000000083000000, 0x0000000083100000, 0x0000000083100000|100%| O|  |TS  1|AC  0|TAMS 0x0000000083000000, 0x0000000083100000|
|   5|0x0000000083100000, 0x0000000083200000, 0x0000000083200000|100%| O|  |TS  1|AC  0|TAMS 0x0000000083100000, 0x0000000083200000|
|   6|0x0000000083200000, 0x0000000083300000, 0x0000000083300000|100%| O|  |TS  3|AC  0|TAMS 0x0000000083200000, 0x0000000083300000|
|   7|0x0000000083300000, 0x00000000833ea800, 0x0000000083400000| 91%| O|  |TS  3|AC  0|TAMS 0x0000000083300000, 0x00000000833ea800|
|   8|0x0000000083400000, 0x0000000083400000, 0x0000000083500000|  0%| F|  |TS  0|AC  0|TAMS 0x0000000083400000, 0x0000000083400000|
|   9|0x0000000083500000, 0x0000000083500000, 0x0000000083600000|  0%| F|  |TS  0|AC  0|TAMS 0x0000000083500000, 0x0000000083500000|
|  10|0x0000000083600000, 0x0000000083600000, 0x0000000083700000|  0%| F|  |TS  0|AC  0|TAMS 0x0000000083600000, 0x0000000083600000|
|  11|0x0000000083700000, 0x0000000083700000, 0x0000000083800000|  0%| F|  |TS  0|AC  0|TAMS 0x0000000083700000, 0x0000000083700000|
|  12|0x0000000083800000, 0x0000000083800000, 0x0000000083900000|  0%| F|  |TS  0|AC  0|TAMS 0x0000000083800000, 0x0000000083800000|
|  13|0x0000000083900000, 0x0000000083900000, 0x0000000083a00000|  0%| F|  |TS  0|AC  0|TAMS 0x0000000083900000, 0x0000000083900000|
|  14|0x0000000083a00000, 0x0000000083a00000, 0x0000000083b00000|  0%| F|  |TS  0|AC  0|TAMS 0x0000000083a00000, 0x0000000083a00000|
|  15|0x0000000083b00000, 0x0000000083b00000, 0x0000000083c00000|  0%| F|  |TS  0|AC  0|TAMS 0x0000000083b00000, 0x0000000083b00000|
|  16|0x0000000083c00000, 0x0000000083c00000, 0x0000000083d00000|  0%| F|  |TS  0|AC  0|TAMS 0x0000000083c00000, 0x0000000083c00000|
|  17|0x0000000083d00000, 0x0000000083d00000, 0x0000000083e00000|  0%| F|  |TS  0|AC  0|TAMS 0x0000000083d00000, 0x0000000083d00000|
|  18|0x0000000083e00000, 0x0000000083e00000, 0x0000000083f00000|  0%| F|  |TS  0|AC  0|TAMS 0x0000000083e00000, 0x0000000083e00000|
|  19|0x0000000083f00000, 0x0000000083f00000, 0x0000000084000000|  0%| F|  |TS  0|AC  0|TAMS 0x0000000083f00000, 0x0000000083f00000|
|  20|0x0000000084000000, 0x0000000084000000, 0x0000000084100000|  0%| F|  |TS  0|AC  0|TAMS 0x0000000084000000, 0x0000000084000000|
|  21|0x0000000084100000, 0x0000000084100000, 0x0000000084200000|  0%| F|  |TS  0|AC  0|TAMS 0x0000000084100000, 0x0000000084100000|
|  22|0x0000000084200000, 0x0000000084200000, 0x0000000084300000|  0%| F|  |TS  0|AC  0|TAMS 0x0000000084200000, 0x0000000084200000|
|  23|0x0000000084300000, 0x0000000084300000, 0x0000000084400000|  0%| F|  |TS  0|AC  0|TAMS 0x0000000084300000, 0x0000000084300000|
|  24|0x0000000084400000, 0x0000000084400000, 0x0000000084500000|  0%| F|  |TS  0|AC  0|TAMS 0x0000000084400000, 0x0000000084400000|
|  25|0x0000000084500000, 0x0000000084500000, 0x0000000084600000|  0%| F|  |TS  0|AC  0|TAMS 0x0000000084500000, 0x0000000084500000|
|  26|0x0000000084600000, 0x0000000084600000, 0x0000000084700000|  0%| F|  |TS  0|AC  0|TAMS 0x0000000084600000, 0x0000000084600000|
|  27|0x0000000084700000, 0x0000000084700000, 0x0000000084800000|  0%| F|  |TS  0|AC  0|TAMS 0x0000000084700000, 0x0000000084700000|
|  28|0x0000000084800000, 0x0000000084800000, 0x0000000084900000|  0%| F|  |TS  0|AC  0|TAMS 0x0000000084800000, 0x0000000084800000|
|  29|0x0000000084900000, 0x0000000084900000, 0x0000000084a00000|  0%| F|  |TS  0|AC  0|TAMS 0x0000000084900000, 0x0000000084900000|
|  30|0x0000000084a00000, 0x0000000084a00000, 0x0000000084b00000|  0%| F|  |TS  0|AC  0|TAMS 0x0000000084a00000, 0x0000000084a00000|
|  31|0x0000000084b00000, 0x0000000084b00000, 0x0000000084c00000|  0%| F|  |TS  0|AC  0|TAMS 0x0000000084b00000, 0x0000000084b00000|
|  32|0x0000000084c00000, 0x0000000084c00000, 0x0000000084d00000|  0%| F|  |TS  0|AC  0|TAMS 0x0000000084c00000, 0x0000000084c00000|
|  33|0x0000000084d00000, 0x0000000084d00000, 0x0000000084e00000|  0%| F|  |TS  0|AC  0|TAMS 0x0000000084d00000, 0x0000000084d00000|
|  34|0x0000000084e00000, 0x0000000084e00000, 0x0000000084f00000|  0%| F|  |TS  0|AC  0|TAMS 0x0000000084e00000, 0x0000000084e00000|
|  35|0x0000000084f00000, 0x0000000084f00000, 0x0000000085000000|  0%| F|  |TS  0|AC  0|TAMS 0x0000000084f00000, 0x0000000084f00000|
|  36|0x0000000085000000, 0x0000000085000000, 0x0000000085100000|  0%| F|  |TS  0|AC  0|TAMS 0x0000000085000000, 0x0000000085000000|
|  37|0x0000000085100000, 0x0000000085100000, 0x0000000085200000|  0%| F|  |TS  0|AC  0|TAMS 0x0000000085100000, 0x0000000085100000|
|  38|0x0000000085200000, 0x0000000085200000, 0x0000000085300000|  0%| F|  |TS  0|AC  0|TAMS 0x0000000085200000, 0x0000000085200000|
|  39|0x0000000085300000, 0x0000000085300000, 0x0000000085400000|  0%| F|  |TS  0|AC  0|TAMS 0x0000000085300000, 0x0000000085300000|
|  40|0x0000000085400000, 0x0000000085400000, 0x0000000085500000|  0%| F|  |TS  0|AC  0|TAMS 0x0000000085400000, 0x0000000085400000|
|  41|0x0000000085500000, 0x0000000085500000, 0x0000000085600000|  0%| F|  |TS  0|AC  0|TAMS 0x0000000085500000, 0x0000000085500000|
|  42|0x0000000085600000, 0x0000000085600000, 0x0000000085700000|  0%| F|  |TS  0|AC  0|TAMS 0x0000000085600000, 0x0000000085600000|
|  43|0x0000000085700000, 0x0000000085700000, 0x0000000085800000|  0%| F|  |TS  0|AC  0|TAMS 0x0000000085700000, 0x0000000085700000|
|  44|0x0000000085800000, 0x0000000085800000, 0x0000000085900000|  0%| F|  |TS  0|AC  0|TAMS 0x0000000085800000, 0x0000000085800000|
|  45|0x0000000085900000, 0x0000000085900000, 0x0000000085a00000|  0%| F|  |TS  0|AC  0|TAMS 0x0000000085900000, 0x0000000085900000|
|  46|0x0000000085a00000, 0x0000000085a00000, 0x0000000085b00000|  0%| F|  |TS  0|AC  0|TAMS 0x0000000085a00000, 0x0000000085a00000|
|  47|0x0000000085b00000, 0x0000000085b00000, 0x0000000085c00000|  0%| F|  |TS  0|AC  0|TAMS 0x0000000085b00000, 0x0000000085b00000|
|  48|0x0000000085c00000, 0x0000000085c00000, 0x0000000085d00000|  0%| F|  |TS  0|AC  0|TAMS 0x0000000085c00000, 0x0000000085c00000|
|  49|0x0000000085d00000, 0x0000000085d00000, 0x0000000085e00000|  0%| F|  |TS  0|AC  0|TAMS 0x0000000085d00000, 0x0000000085d00000|
|  50|0x0000000085e00000, 0x0000000085e00000, 0x0000000085f00000|  0%| F|  |TS  0|AC  0|TAMS 0x0000000085e00000, 0x0000000085e00000|
|  51|0x0000000085f00000, 0x0000000085f00000, 0x0000000086000000|  0%| F|  |TS  0|AC  0|TAMS 0x0000000085f00000, 0x0000000085f00000|
|  52|0x0000000086000000, 0x0000000086000000, 0x0000000086100000|  0%| F|  |TS  0|AC  0|TAMS 0x0000000086000000, 0x0000000086000000|
|  53|0x0000000086100000, 0x0000000086100000, 0x0000000086200000|  0%| F|  |TS  0|AC  0|TAMS 0x0000000086100000, 0x0000000086100000|
|  54|0x0000000086200000, 0x0000000086200000, 0x0000000086300000|  0%| F|  |TS  0|AC  0|TAMS 0x0000000086200000, 0x0000000086200000|
|  55|0x0000000086300000, 0x0000000086300000, 0x0000000086400000|  0%| F|  |TS  0|AC  0|TAMS 0x0000000086300000, 0x0000000086300000|
|  56|0x0000000086400000, 0x0000000086400000, 0x0000000086500000|  0%| F|  |TS  0|AC  0|TAMS 0x0000000086400000, 0x0000000086400000|
|  57|0x0000000086500000, 0x0000000086500000, 0x0000000086600000|  0%| F|  |TS  0|AC  0|TAMS 0x0000000086500000, 0x0000000086500000|
|  58|0x0000000086600000, 0x0000000086600000, 0x0000000086700000|  0%| F|  |TS  0|AC  0|TAMS 0x0000000086600000, 0x0000000086600000|
|  59|0x0000000086700000, 0x0000000086700000, 0x0000000086800000|  0%| F|  |TS  0|AC  0|TAMS 0x0000000086700000, 0x0000000086700000|
|  60|0x0000000086800000, 0x0000000086800000, 0x0000000086900000|  0%| F|  |TS  0|AC  0|TAMS 0x0000000086800000, 0x0000000086800000|
|  61|0x0000000086900000, 0x0000000086900000, 0x0000000086a00000|  0%| F|  |TS  0|AC  0|TAMS 0x0000000086900000, 0x0000000086900000|
|  62|0x0000000086a00000, 0x0000000086a00000, 0x0000000086b00000|  0%| F|  |TS  0|AC  0|TAMS 0x0000000086a00000, 0x0000000086a00000|
|  63|0x0000000086b00000, 0x0000000086b00000, 0x0000000086c00000|  0%| F|  |TS  0|AC  0|TAMS 0x0000000086b00000, 0x0000000086b00000|
|  64|0x0000000086c00000, 0x0000000086c00000, 0x0000000086d00000|  0%| F|  |TS  0|AC  0|TAMS 0x0000000086c00000, 0x0000000086c00000|
|  65|0x0000000086d00000, 0x0000000086d00000, 0x0000000086e00000|  0%| F|  |TS  0|AC  0|TAMS 0x0000000086d00000, 0x0000000086d00000|
|  66|0x0000000086e00000, 0x0000000086e00000, 0x0000000086f00000|  0%| F|  |TS  0|AC  0|TAMS 0x0000000086e00000, 0x0000000086e00000|
|  67|0x0000000086f00000, 0x0000000086f00000, 0x0000000087000000|  0%| F|  |TS  0|AC  0|TAMS 0x0000000086f00000, 0x0000000086f00000|
|  68|0x0000000087000000, 0x0000000087000000, 0x0000000087100000|  0%| F|  |TS  0|AC  0|TAMS 0x0000000087000000, 0x0000000087000000|
|  69|0x0000000087100000, 0x0000000087100000, 0x0000000087200000|  0%| F|  |TS  0|AC  0|TAMS 0x0000000087100000, 0x0000000087100000|
|  70|0x0000000087200000, 0x0000000087200000, 0x0000000087300000|  0%| F|  |TS  0|AC  0|TAMS 0x0000000087200000, 0x0000000087200000|
|  71|0x0000000087300000, 0x0000000087300000, 0x0000000087400000|  0%| F|  |TS  0|AC  0|TAMS 0x0000000087300000, 0x0000000087300000|
|  72|0x0000000087400000, 0x0000000087400000, 0x0000000087500000|  0%| F|  |TS  0|AC  0|TAMS 0x0000000087400000, 0x0000000087400000|
|  73|0x0000000087500000, 0x0000000087500000, 0x0000000087600000|  0%| F|  |TS  0|AC  0|TAMS 0x0000000087500000, 0x0000000087500000|
|  74|0x0000000087600000, 0x0000000087600000, 0x0000000087700000|  0%| F|  |TS  0|AC  0|TAMS 0x0000000087600000, 0x0000000087600000|
|  75|0x0000000087700000, 0x0000000087700000, 0x0000000087800000|  0%| F|  |TS  0|AC  0|TAMS 0x0000000087700000, 0x0000000087700000|
|  76|0x0000000087800000, 0x0000000087800000, 0x0000000087900000|  0%| F|  |TS  0|AC  0|TAMS 0x0000000087800000, 0x0000000087800000|
|  77|0x0000000087900000, 0x0000000087900000, 0x0000000087a00000|  0%| F|  |TS  0|AC  0|TAMS 0x0000000087900000, 0x0000000087900000|
|  78|0x0000000087a00000, 0x0000000087a00000, 0x0000000087b00000|  0%| F|  |TS  0|AC  0|TAMS 0x0000000087a00000, 0x0000000087a00000|
|  79|0x0000000087b00000, 0x0000000087b00000, 0x0000000087c00000|  0%| F|  |TS  0|AC  0|TAMS 0x0000000087b00000, 0x0000000087b00000|
|  80|0x0000000087c00000, 0x0000000087c00000, 0x0000000087d00000|  0%| F|  |TS  0|AC  0|TAMS 0x0000000087c00000, 0x0000000087c00000|
|  81|0x0000000087d00000, 0x0000000087d00000, 0x0000000087e00000|  0%| F|  |TS  0|AC  0|TAMS 0x0000000087d00000, 0x0000000087d00000|
|  82|0x0000000087e00000, 0x0000000087e00000, 0x0000000087f00000|  0%| F|  |TS  0|AC  0|TAMS 0x0000000087e00000, 0x0000000087e00000|
|  83|0x0000000087f00000, 0x0000000087f00000, 0x0000000088000000|  0%| F|  |TS  0|AC  0|TAMS 0x0000000087f00000, 0x0000000087f00000|
|  84|0x0000000088000000, 0x0000000088000000, 0x0000000088100000|  0%| F|  |TS  0|AC  0|TAMS 0x0000000088000000, 0x0000000088000000|
|  85|0x0000000088100000, 0x0000000088100000, 0x0000000088200000|  0%| F|  |TS  0|AC  0|TAMS 0x0000000088100000, 0x0000000088100000|
|  86|0x0000000088200000, 0x0000000088200000, 0x0000000088300000|  0%| F|  |TS  0|AC  0|TAMS 0x0000000088200000, 0x0000000088200000|
|  87|0x0000000088300000, 0x0000000088300000, 0x0000000088400000|  0%| F|  |TS  0|AC  0|TAMS 0x0000000088300000, 0x0000000088300000|
|  88|0x0000000088400000, 0x0000000088400000, 0x0000000088500000|  0%| F|  |TS  0|AC  0|TAMS 0x0000000088400000, 0x0000000088400000|
|  89|0x0000000088500000, 0x0000000088500000, 0x0000000088600000|  0%| F|  |TS  0|AC  0|TAMS 0x0000000088500000, 0x0000000088500000|
|  90|0x0000000088600000, 0x0000000088600000, 0x0000000088700000|  0%| F|  |TS  0|AC  0|TAMS 0x0000000088600000, 0x0000000088600000|
|  91|0x0000000088700000, 0x0000000088700000, 0x0000000088800000|  0%| F|  |TS  0|AC  0|TAMS 0x0000000088700000, 0x0000000088700000|
|  92|0x0000000088800000, 0x0000000088800000, 0x0000000088900000|  0%| F|  |TS  0|AC  0|TAMS 0x0000000088800000, 0x0000000088800000|
|  93|0x0000000088900000, 0x0000000088900000, 0x0000000088a00000|  0%| F|  |TS  0|AC  0|TAMS 0x0000000088900000, 0x0000000088900000|
|  94|0x0000000088a00000, 0x0000000088a00000, 0x0000000088b00000|  0%| F|  |TS  0|AC  0|TAMS 0x0000000088a00000, 0x0000000088a00000|
|  95|0x0000000088b00000, 0x0000000088b00000, 0x0000000088c00000|  0%| F|  |TS  0|AC  0|TAMS 0x0000000088b00000, 0x0000000088b00000|
|  96|0x0000000088c00000, 0x0000000088c00000, 0x0000000088d00000|  0%| F|  |TS  0|AC  0|TAMS 0x0000000088c00000, 0x0000000088c00000|
|  97|0x0000000088d00000, 0x0000000088d00000, 0x0000000088e00000|  0%| F|  |TS  0|AC  0|TAMS 0x0000000088d00000, 0x0000000088d00000|
|  98|0x0000000088e00000, 0x0000000088e00000, 0x0000000088f00000|  0%| F|  |TS  0|AC  0|TAMS 0x0000000088e00000, 0x0000000088e00000|
|  99|0x0000000088f00000, 0x0000000088f00000, 0x0000000089000000|  0%| F|  |TS  0|AC  0|TAMS 0x0000000088f00000, 0x0000000088f00000|
| 100|0x0000000089000000, 0x0000000089000000, 0x0000000089100000|  0%| F|  |TS  0|AC  0|TAMS 0x0000000089000000, 0x0000000089000000|
| 101|0x0000000089100000, 0x0000000089100000, 0x0000000089200000|  0%| F|  |TS  0|AC  0|TAMS 0x0000000089100000, 0x0000000089100000|
| 102|0x0000000089200000, 0x0000000089200000, 0x0000000089300000|  0%| F|  |TS  0|AC  0|TAMS 0x0000000089200000, 0x0000000089200000|
| 103|0x0000000089300000, 0x0000000089300000, 0x0000000089400000|  0%| F|  |TS  0|AC  0|TAMS 0x0000000089300000, 0x0000000089300000|
| 104|0x0000000089400000, 0x0000000089400000, 0x0000000089500000|  0%| F|  |TS  0|AC  0|TAMS 0x0000000089400000, 0x0000000089400000|
| 105|0x0000000089500000, 0x0000000089500000, 0x0000000089600000|  0%| F|  |TS  0|AC  0|TAMS 0x0000000089500000, 0x0000000089500000|
| 106|0x0000000089600000, 0x0000000089600000, 0x0000000089700000|  0%| F|  |TS  0|AC  0|TAMS 0x0000000089600000, 0x0000000089600000|
| 107|0x0000000089700000, 0x0000000089700000, 0x0000000089800000|  0%| F|  |TS  0|AC  0|TAMS 0x0000000089700000, 0x0000000089700000|
| 108|0x0000000089800000, 0x0000000089800000, 0x0000000089900000|  0%| F|  |TS  0|AC  0|TAMS 0x0000000089800000, 0x0000000089800000|
| 109|0x0000000089900000, 0x0000000089900000, 0x0000000089a00000|  0%| F|  |TS  0|AC  0|TAMS 0x0000000089900000, 0x0000000089900000|
| 110|0x0000000089a00000, 0x0000000089a00000, 0x0000000089b00000|  0%| F|  |TS  3|AC  0|TAMS 0x0000000089a00000, 0x0000000089a00000|
| 111|0x0000000089b00000, 0x0000000089b00000, 0x0000000089c00000|  0%| F|  |TS  3|AC  0|TAMS 0x0000000089b00000, 0x0000000089b00000|
| 112|0x0000000089c00000, 0x0000000089d00000, 0x0000000089d00000|100%| S|  |TS  3|AC  0|TAMS 0x0000000089c00000, 0x0000000089c00000|
| 113|0x0000000089d00000, 0x0000000089e00000, 0x0000000089e00000|100%| S|  |TS  3|AC  0|TAMS 0x0000000089d00000, 0x0000000089d00000|
| 114|0x0000000089e00000, 0x0000000089e00000, 0x0000000089f00000|  0%| F|  |TS  3|AC  0|TAMS 0x0000000089e00000, 0x0000000089e00000|
| 115|0x0000000089f00000, 0x0000000089f00000, 0x000000008a000000|  0%| F|  |TS  3|AC  0|TAMS 0x0000000089f00000, 0x0000000089f00000|
| 116|0x000000008a000000, 0x000000008a000000, 0x000000008a100000|  0%| F|  |TS  3|AC  0|TAMS 0x000000008a000000, 0x000000008a000000|
| 117|0x000000008a100000, 0x000000008a100000, 0x000000008a200000|  0%| F|  |TS  3|AC  0|TAMS 0x000000008a100000, 0x000000008a100000|
| 118|0x000000008a200000, 0x000000008a200000, 0x000000008a300000|  0%| F|  |TS  3|AC  0|TAMS 0x000000008a200000, 0x000000008a200000|
| 119|0x000000008a300000, 0x000000008a300000, 0x000000008a400000|  0%| F|  |TS  3|AC  0|TAMS 0x000000008a300000, 0x000000008a300000|
| 120|0x000000008a400000, 0x000000008a400000, 0x000000008a500000|  0%| F|  |TS  3|AC  0|TAMS 0x000000008a400000, 0x000000008a400000|
| 121|0x000000008a500000, 0x000000008a500000, 0x000000008a600000|  0%| F|  |TS  3|AC  0|TAMS 0x000000008a500000, 0x000000008a500000|
| 122|0x000000008a600000, 0x000000008a600000, 0x000000008a700000|  0%| F|  |TS  3|AC  0|TAMS 0x000000008a600000, 0x000000008a600000|
| 123|0x000000008a700000, 0x000000008a700000, 0x000000008a800000|  0%| F|  |TS  3|AC  0|TAMS 0x000000008a700000, 0x000000008a700000|
| 124|0x000000008a800000, 0x000000008a800000, 0x000000008a900000|  0%| F|  |TS  3|AC  0|TAMS 0x000000008a800000, 0x000000008a800000|
| 125|0x000000008a900000, 0x000000008a900000, 0x000000008aa00000|  0%| F|  |TS  3|AC  0|TAMS 0x000000008a900000, 0x000000008a900000|

Card table byte_map: [0x000001e017950000,0x000001e017d40000] byte_map_base: 0x000001e01753a000

Marking Bits (Prev, Next): (CMBitMap*) 0x000001e07f6dbba0, (CMBitMap*) 0x000001e07f6dbbd8
 Prev Bits: [0x000001e018130000, 0x000001e01a080000)
 Next Bits: [0x000001e01a080000, 0x000001e01bfd0000)

Polling page: 0x000001e07fb70000

CodeHeap 'non-profiled nmethods': size=120064Kb used=410Kb max_used=410Kb free=119653Kb
 bounds [0x000001e00fa10000, 0x000001e00fc80000, 0x000001e016f50000]
CodeHeap 'profiled nmethods': size=120000Kb used=2435Kb max_used=2435Kb free=117564Kb
 bounds [0x000001e0084e0000, 0x000001e008750000, 0x000001e00fa10000]
CodeHeap 'non-nmethods': size=5696Kb used=1286Kb max_used=1299Kb free=4409Kb
 bounds [0x000001e007f50000, 0x000001e0081c0000, 0x000001e0084e0000]
 total_blobs=2033 nmethods=1314 adapters=379
 compilation: enabled

Compilation events (10 events):
Event: 0.603 Thread 0x000001e01eeab800 nmethod 1312 0x000001e00873ec10 code [0x000001e00873edc0, 0x000001e00873ef78]
Event: 0.603 Thread 0x000001e01eeab800 1311       3       java.lang.AbstractStringBuilder::charAt (36 bytes)
Event: 0.603 Thread 0x000001e01eea7000 nmethod 1309 0x000001e00fa75510 code [0x000001e00fa756a0, 0x000001e00fa75718]
Event: 0.603 Thread 0x000001e01eeab800 nmethod 1311 0x000001e00873f010 code [0x000001e00873f200, 0x000001e00873f6e0]
Event: 0.606 Thread 0x000001e01eeab800 1313  s    3       java.util.Vector::elementAt (48 bytes)
Event: 0.607 Thread 0x000001e01eeab800 nmethod 1313 0x000001e00873f910 code [0x000001e00873fba0, 0x000001e0087409b0]
Event: 0.608 Thread 0x000001e01eea7000 1314       4       jdk.internal.org.objectweb.asm.Type::getArgumentsAndReturnSizes (151 bytes)
Event: 0.611 Thread 0x000001e01eeab800 1315       1       org.eclipse.jetty.util.component.ContainerLifeCycle$Bean::access$000 (5 bytes)
Event: 0.611 Thread 0x000001e01eeab800 nmethod 1315 0x000001e00fa75790 code [0x000001e00fa75940, 0x000001e00fa75a38]
Event: 0.613 Thread 0x000001e01eea7000 nmethod 1314 0x000001e00fa75b10 code [0x000001e00fa75d20, 0x000001e00fa76300]

GC Heap History (5 events):
Event: 0.387 GC heap before
{Heap before GC invocations=0 (full 0):
 garbage-first heap   total 129024K, used 18432K [0x0000000082c00000, 0x0000000082d003f0, 0x0000000100000000)
  region size 1024K, 14 young (14336K), 0 survivors (0K)
 Metaspace       used 11506K, capacity 11868K, committed 12032K, reserved 1060864K
  class space    used 1322K, capacity 1424K, committed 1536K, reserved 1048576K
}
Event: 0.392 GC heap after
{Heap after GC invocations=1 (full 0):
 garbage-first heap   total 129024K, used 6837K [0x0000000082c00000, 0x0000000082d003f0, 0x0000000100000000)
  region size 1024K, 2 young (2048K), 2 survivors (2048K)
 Metaspace       used 11506K, capacity 11868K, committed 12032K, reserved 1060864K
  class space    used 1322K, capacity 1424K, committed 1536K, reserved 1048576K
}
Event: 0.615 GC heap before
{Heap before GC invocations=1 (full 0):
 garbage-first heap   total 129024K, used 18101K [0x0000000082c00000, 0x0000000082d003f0, 0x0000000100000000)
  region size 1024K, 14 young (14336K), 2 survivors (2048K)
 Metaspace       used 16331K, capacity 16928K, committed 17024K, reserved 1071104K
  class space    used 1961K, capacity 2096K, committed 2176K, reserved 1048576K
}
Event: 0.620 GC heap after
{Heap after GC invocations=2 (full 0):
 garbage-first heap   total 129024K, used 10154K [0x0000000082c00000, 0x0000000082d003f0, 0x0000000100000000)
  region size 1024K, 2 young (2048K), 2 survivors (2048K)
 Metaspace       used 16331K, capacity 16928K, committed 17024K, reserved 1071104K
  class space    used 1961K, capacity 2096K, committed 2176K, reserved 1048576K
}
Event: 0.620 GC heap before
{Heap before GC invocations=2 (full 0):
 garbage-first heap   total 129024K, used 10154K [0x0000000082c00000, 0x0000000082d003f0, 0x0000000100000000)
  region size 1024K, 2 young (2048K), 2 survivors (2048K)
 Metaspace       used 16331K, capacity 16928K, committed 17024K, reserved 1073152K
  class space    used 1961K, capacity 2096K, committed 2176K, reserved 1048576K
}

Deoptimization events (9 events):
Event: 0.167 Thread 0x000001e07f641800 Uncommon trap: reason=unstable_if action=reinterpret pc=0x000001e00fa2887c method=java.nio.Buffer.hasRemaining()Z @ 8 c2
Event: 0.345 Thread 0x000001e07f641800 Uncommon trap: reason=unstable_if action=reinterpret pc=0x000001e00fa40024 method=java.util.HashMap.getNode(ILjava/lang/Object;)Ljava/util/HashMap$Node; @ 129 c2
Event: 0.383 Thread 0x000001e07f641800 Uncommon trap: reason=unstable_if action=reinterpret pc=0x000001e00fa4192c method=sun.reflect.generics.parser.SignatureParser.current()C @ 39 c2
Event: 0.422 Thread 0x000001e07f641800 Uncommon trap: reason=class_check action=maybe_recompile pc=0x000001e00fa4e65c method=java.util.HashMap.putVal(ILjava/lang/Object;Ljava/lang/Object;ZZ)Ljava/lang/Object; @ 203 c2
Event: 0.439 Thread 0x000001e07f641800 Uncommon trap: reason=class_check action=maybe_recompile pc=0x000001e00fa4e65c method=java.util.HashMap.putVal(ILjava/lang/Object;Ljava/lang/Object;ZZ)Ljava/lang/Object; @ 203 c2
Event: 0.518 Thread 0x000001e07f641800 Uncommon trap: reason=unstable_if action=reinterpret pc=0x000001e00fa56870 method=java.util.HashMap.hash(Ljava/lang/Object;)I @ 1 c2
Event: 0.518 Thread 0x000001e07f641800 Uncommon trap: reason=unstable_if action=reinterpret pc=0x000001e00fa19728 method=java.util.HashMap.hash(Ljava/lang/Object;)I @ 1 c2
Event: 0.571 Thread 0x000001e01fca8000 Uncommon trap: reason=class_check action=maybe_recompile pc=0x000001e00fa6f3a8 method=java.util.concurrent.ConcurrentHashMap.putVal(Ljava/lang/Object;Ljava/lang/Object;Z)Ljava/lang/Object; @ 159 c2
Event: 0.571 Thread 0x000001e01fca8000 Uncommon trap: reason=class_check action=maybe_recompile pc=0x000001e00fa6f3a8 method=java.util.concurrent.ConcurrentHashMap.putVal(Ljava/lang/Object;Ljava/lang/Object;Z)Ljava/lang/Object; @ 159 c2

Classes redefined (0 events):
No events

Internal exceptions (10 events):
Event: 0.458 Thread 0x000001e07f641800 Exception <a 'java/lang/NoSuchMethodError'{0x000000008a7dc118}: java.lang.invoke.DirectMethodHandle$Holder.invokeStatic(Ljava/lang/Object;Ljava/lang/Object;Ljava/lang/Object;)V> (0x000000008a7dc118) thrown at [t:/workspace/hotspot/src/share/vm/interpreter
Event: 0.496 Thread 0x000001e07f641800 Exception <a 'java/lang/NoSuchMethodError'{0x000000008a5f68f8}: java.lang.invoke.DirectMethodHandle$Holder.invokeStaticInit(Ljava/lang/Object;)V> (0x000000008a5f68f8) thrown at [t:/workspace/hotspot/src/share/vm/interpreter/linkResolver.cpp, line 731]
Event: 0.518 Thread 0x000001e07f641800 Implicit null exception at 0x000001e00fa567d8 to 0x000001e00fa56866
Event: 0.518 Thread 0x000001e07f641800 Implicit null exception at 0x000001e00fa196af to 0x000001e00fa19719
Event: 0.555 Thread 0x000001e07f641800 Exception <a 'java/lang/NoSuchMethodError'{0x000000008a193d20}: java.lang.Object.lambda$negate$3(I)Z> (0x000000008a193d20) thrown at [t:/workspace/hotspot/src/share/vm/interpreter/linkResolver.cpp, line 731]
Event: 0.576 Thread 0x000001e07f641800 Exception <a 'java/lang/NoSuchMethodError'{0x0000000089f6d040}: java.lang.invoke.DirectMethodHandle$Holder.invokeStaticInit(Ljava/lang/Object;Ljava/lang/Object;)I> (0x0000000089f6d040) thrown at [t:/workspace/hotspot/src/share/vm/interpreter/linkResolver.
Event: 0.576 Thread 0x000001e07f641800 Exception <a 'java/lang/NoSuchMethodError'{0x0000000089f720e0}: java.lang.invoke.DirectMethodHandle$Holder.invokeStaticInit(Ljava/lang/Object;Ljava/lang/Object;Ljava/lang/Object;)V> (0x0000000089f720e0) thrown at [t:/workspace/hotspot/src/share/vm/interpr
Event: 0.580 Thread 0x000001e07f641800 Exception <a 'java/lang/NoSuchMethodError'{0x0000000089f9e200}: method resolution failed> (0x0000000089f9e200) thrown at [t:/workspace/hotspot/src/share/vm/prims/methodHandles.cpp, line 1256]
Event: 0.580 Thread 0x000001e07f641800 Exception <a 'java/lang/NoSuchMethodError'{0x0000000089fa14d8}: java.lang.Object.lambda$comparing$77a9974f$1(Ljava/util/function/Function;Ljava/lang/Object;Ljava/lang/Object;)I> (0x0000000089fa14d8) thrown at [t:/workspace/hotspot/src/share/vm/interpreter
Event: 0.584 Thread 0x000001e07f641800 Exception <a 'java/lang/NoSuchMethodError'{0x0000000089fbc460}: java.lang.invoke.DirectMethodHandle$Holder.invokeInterface(Ljava/lang/Object;Ljava/lang/Object;Ljava/lang/Object;)V> (0x0000000089fbc460) thrown at [t:/workspace/hotspot/src/share/vm/interpre

Events (10 events):
Event: 0.614 loading class sun/security/provider/SunEntries$1
Event: 0.614 loading class sun/security/provider/SunEntries$1 done
Event: 0.614 loading class sun/security/provider/NativePRNG
Event: 0.614 loading class sun/security/provider/NativePRNG done
Event: 0.614 loading class sun/security/provider/NativePRNG$Blocking
Event: 0.614 loading class sun/security/provider/NativePRNG$Blocking done
Event: 0.614 loading class sun/security/provider/NativePRNG$NonBlocking
Event: 0.614 loading class sun/security/provider/NativePRNG$NonBlocking done
Event: 0.615 loading class java/security/Provider$Service
Event: 0.615 Executing VM operation: CollectForMetadataAllocation


Dynamic libraries:
0x00007ff7ffe80000 - 0x00007ff7ffebe000 	C:\ProgramData\Oracle\Java\javapath\java.exe
0x00007ffeb5e10000 - 0x00007ffeb6027000 	C:\WINDOWS\SYSTEM32\ntdll.dll
0x00007ffeb5ce0000 - 0x00007ffeb5da4000 	C:\WINDOWS\System32\KERNEL32.DLL
0x00007ffeb3220000 - 0x00007ffeb35f2000 	C:\WINDOWS\System32\KERNELBASE.dll
0x00007ffeb5780000 - 0x00007ffeb5831000 	C:\WINDOWS\System32\ADVAPI32.dll
0x00007ffeb3aa0000 - 0x00007ffeb3b47000 	C:\WINDOWS\System32\msvcrt.dll
0x00007ffeb5a60000 - 0x00007ffeb5b08000 	C:\WINDOWS\System32\sechost.dll
0x00007ffeb3a70000 - 0x00007ffeb3a98000 	C:\WINDOWS\System32\bcrypt.dll
0x00007ffeb5660000 - 0x00007ffeb5774000 	C:\WINDOWS\System32\RPCRT4.dll
0x00007ffeb4e80000 - 0x00007ffeb5031000 	C:\WINDOWS\System32\USER32.dll
0x00007ffeb2f80000 - 0x00007ffeb2fa6000 	C:\WINDOWS\System32\win32u.dll
0x00007ffeb4b00000 - 0x00007ffeb4b29000 	C:\WINDOWS\System32\GDI32.dll
0x00007ffeb2fb0000 - 0x00007ffeb30d3000 	C:\WINDOWS\System32\gdi32full.dll
0x00007ffeb3890000 - 0x00007ffeb392a000 	C:\WINDOWS\System32\msvcp_win.dll
0x00007ffeb3600000 - 0x00007ffeb3711000 	C:\WINDOWS\System32\ucrtbase.dll
0x00007ffe9ef80000 - 0x00007ffe9f21b000 	C:\WINDOWS\WinSxS\amd64_microsoft.windows.common-controls_6595b64144ccf1df_6.0.22621.5413_none_270da5617387a498\COMCTL32.dll
0x00007ffead740000 - 0x00007ffead74a000 	C:\WINDOWS\SYSTEM32\VERSION.dll
0x00007ffeb4d80000 - 0x00007ffeb4db1000 	C:\WINDOWS\System32\IMM32.DLL
0x00007ffe54f00000 - 0x00007ffe54fef000 	C:\Program Files\Java\jre-9.0.4\bin\msvcr120.dll
0x00007ffe54e50000 - 0x00007ffe54ef6000 	C:\Program Files\Java\jre-9.0.4\bin\msvcp120.dll
0x0000000050ce0000 - 0x0000000051705000 	C:\Program Files\Java\jre-9.0.4\bin\server\jvm.dll
0x00007ffeb5840000 - 0x00007ffeb5848000 	C:\WINDOWS\System32\PSAPI.DLL
0x00007ffe97cd0000 - 0x00007ffe97cd9000 	C:\WINDOWS\SYSTEM32\WSOCK32.dll
0x00007ffe9f3c0000 - 0x00007ffe9f3f4000 	C:\WINDOWS\SYSTEM32\WINMM.dll
0x00007ffeb4d00000 - 0x00007ffeb4d71000 	C:\WINDOWS\System32\WS2_32.dll
0x00007ffe55a60000 - 0x00007ffe55a6f000 	C:\Program Files\Java\jre-9.0.4\bin\verify.dll
0x00007ffe54630000 - 0x00007ffe54657000 	C:\Program Files\Java\jre-9.0.4\bin\java.dll
0x00007ffe54e30000 - 0x00007ffe54e46000 	C:\Program Files\Java\jre-9.0.4\bin\zip.dll
0x00007ffe54e20000 - 0x00007ffe54e2a000 	C:\Program Files\Java\jre-9.0.4\bin\jimage.dll
0x00007ffeb3fe0000 - 0x00007ffeb4882000 	C:\WINDOWS\System32\SHELL32.dll
0x00007ffeb30e0000 - 0x00007ffeb321f000 	C:\WINDOWS\System32\wintypes.dll
0x00007ffeb3c40000 - 0x00007ffeb3fd3000 	C:\WINDOWS\System32\combase.dll
0x00007ffeb0e30000 - 0x00007ffeb174d000 	C:\WINDOWS\SYSTEM32\windows.storage.dll
0x00007ffeb49a0000 - 0x00007ffeb4aab000 	C:\WINDOWS\System32\SHCORE.dll
0x00007ffeb5be0000 - 0x00007ffeb5c49000 	C:\WINDOWS\System32\shlwapi.dll
0x00007ffeb2e30000 - 0x00007ffeb2e5b000 	C:\WINDOWS\SYSTEM32\profapi.dll
0x00007ffe542d0000 - 0x00007ffe542ea000 	C:\Program Files\Java\jre-9.0.4\bin\net.dll
0x00007ffead4d0000 - 0x00007ffead5fc000 	C:\WINDOWS\SYSTEM32\WINHTTP.dll
0x00007ffeb23b0000 - 0x00007ffeb2419000 	C:\WINDOWS\system32\mswsock.dll
0x00007ffe53cb0000 - 0x00007ffe53cc1000 	C:\Program Files\Java\jre-9.0.4\bin\nio.dll
0x00007ffe517e0000 - 0x00007ffe517e9000 	C:\Program Files\Java\jre-9.0.4\bin\management.dll
0x00007ffe51180000 - 0x00007ffe5118a000 	C:\Program Files\Java\jre-9.0.4\bin\management_ext.dll
0x00007ffe920b0000 - 0x00007ffe920c7000 	C:\WINDOWS\system32\napinsp.dll
0x00007ffe92090000 - 0x00007ffe920ab000 	C:\WINDOWS\system32\pnrpnsp.dll
0x00007ffeb1a20000 - 0x00007ffeb1b18000 	C:\WINDOWS\SYSTEM32\DNSAPI.dll
0x00007ffeb19b0000 - 0x00007ffeb19dd000 	C:\WINDOWS\SYSTEM32\IPHLPAPI.DLL
0x00007ffeb4dc0000 - 0x00007ffeb4dc9000 	C:\WINDOWS\System32\NSI.dll
0x00007ffe92070000 - 0x00007ffe92081000 	C:\WINDOWS\System32\winrnr.dll
0x00007ffe92050000 - 0x00007ffe9206f000 	C:\WINDOWS\system32\wshbth.dll
0x00007ffe92020000 - 0x00007ffe92041000 	C:\WINDOWS\system32\nlansp_c.dll
0x00007ffeac3b0000 - 0x00007ffeac3ba000 	C:\Windows\System32\rasadhlp.dll
0x00007ffeac070000 - 0x00007ffeac0f4000 	C:\WINDOWS\System32\fwpuclnt.dll

VM Arguments:
java_command: c:\ProgramData\robocorp\ht\b30d6a5_b1f3c24_59f207d3\lib\site-packages\SikuliLibrary\lib\SikuliLibrary.jar 51986 C:\JobcardOpeningIntegrated
java_class_path (initial): c:\ProgramData\robocorp\ht\b30d6a5_b1f3c24_59f207d3\lib\site-packages\SikuliLibrary\lib\SikuliLibrary.jar
Launcher Type: SUN_STANDARD

Logging:
Log output configuration:
#0: stdout all=warning uptime,level,tags
#1: stderr all=off uptime,level,tags

Environment Variables:
PATH=c:\JobcardOpeningIntegrated;c:\ProgramData\robocorp\ht\b30d6a5_b1f3c24_59f207d3;c:\ProgramData\robocorp\ht\b30d6a5_b1f3c24_59f207d3\Library\mingw-w64\bin;c:\ProgramData\robocorp\ht\b30d6a5_b1f3c24_59f207d3\Library\usr\bin;c:\ProgramData\robocorp\ht\b30d6a5_b1f3c24_59f207d3\Library\bin;c:\ProgramData\robocorp\ht\b30d6a5_b1f3c24_59f207d3\Scripts;c:\ProgramData\robocorp\ht\b30d6a5_b1f3c24_59f207d3\bin;C:\ProgramData\Oracle\Java\javapath;C:\Program Files\OpenSSH-Win64;C:\Program Files\Common Files\Oracle\Java\javapath;C:\WINDOWS\system32;C:\WINDOWS;C:\WINDOWS\System32\Wbem;C:\WINDOWS\System32\WindowsPowerShell\v1.0;C:\WINDOWS\System32\OpenSSH;C:\Program Files\Git\cmd;C:\Users\popular\AppData\Local\Microsoft\WindowsApps;C:\Users\popular\AppData\Local\Programs\Microsoft VS Code\bin;C:\Program Files\JetBrains\PyCharm Community Edition 2024.1.4\bin;c:\JobcardOpeningIntegrated
USERNAME=popular
OS=Windows_NT
PROCESSOR_IDENTIFIER=Intel64 Family 6 Model 158 Stepping 11, GenuineIntel



---------------  S Y S T E M  ---------------

OS: Windows 10 , 64 bit Build 22621 (10.0.22621.5413)

CPU:total 4 (initial active 4) (4 cores per cpu, 1 threads per core) family 6 model 158 stepping 11, cmov, cx8, fxsr, mmx, sse, sse2, sse3, ssse3, sse4.1, sse4.2, popcnt, avx, avx2, aes, clmul, erms, 3dnowpref, lzcnt, tsc, tscinvbit, bmi1, bmi2, adx, fma

Memory: 4k page, physical 8200792k(1430460k free), swap 33366616k(5120k free)

vm_info: Java HotSpot(TM) 64-Bit Server VM (9.0.4+11) for windows-amd64 JRE (9.0.4+11), built on Dec 20 2017 02:18:54 by "mach5one" with MS VC++ 12.0 (VS2013)

END.
